[2020-01-19T09:37:36.126] [DEBUG] cheese - login => username:zs,password:123456
[2020-01-19T09:37:36.129] [DEBUG] cheese - zs
[2020-01-19T09:37:36.144] [DEBUG] cheese - null
[2020-01-19T09:37:36.144] [DEBUG] cheese - null
[2020-01-19T09:37:45.423] [DEBUG] cheese - login => username:admin,password:123456
[2020-01-19T09:37:45.423] [DEBUG] cheese - admin
[2020-01-19T09:37:45.432] [DEBUG] cheese - null
[2020-01-19T09:37:45.432] [DEBUG] cheese - null
[2020-01-19T14:58:49.600] [DEBUG] cheese - login => username:admin,password:123456
[2020-01-19T14:58:49.602] [DEBUG] cheese - admin
[2020-01-19T14:58:49.617] [DEBUG] cheese - null
[2020-01-19T14:58:49.618] [DEBUG] cheese - null
[2020-01-19T14:59:44.235] [DEBUG] cheese - login => username:admin,password:123456
[2020-01-19T14:59:44.235] [DEBUG] cheese - admin
[2020-01-19T14:59:44.238] [DEBUG] cheese - null
[2020-01-19T14:59:44.239] [DEBUG] cheese - null
[2020-01-19T15:17:42.569] [DEBUG] cheese - login => username:admin,password:123456
[2020-01-19T15:17:42.570] [DEBUG] cheese - admin
[2020-01-19T15:17:42.574] [DEBUG] cheese - null
[2020-01-19T15:17:42.574] [DEBUG] cheese - null
[2020-01-19T15:18:22.727] [DEBUG] cheese - login => username:admin,password:123456
[2020-01-19T15:18:22.727] [DEBUG] cheese - admin
[2020-01-19T15:18:22.729] [DEBUG] cheese - null
[2020-01-19T15:18:22.729] [DEBUG] cheese - null
[2020-01-19T15:18:26.210] [DEBUG] cheese - login => username:admin,password:123456
[2020-01-19T15:18:26.210] [DEBUG] cheese - admin
[2020-01-19T15:18:26.213] [DEBUG] cheese - null
[2020-01-19T15:18:26.213] [DEBUG] cheese - null
[2020-01-19T15:18:28.096] [DEBUG] cheese - login => username:admina,password:123456
[2020-01-19T15:18:28.096] [DEBUG] cheese - admina
[2020-01-19T15:18:28.098] [DEBUG] cheese - null
[2020-01-19T15:18:28.098] [DEBUG] cheese - null
[2020-01-19T15:25:07.169] [DEBUG] cheese - login => username:admin,password:123456
[2020-01-19T15:25:07.170] [DEBUG] cheese - admin
[2020-01-19T15:25:07.172] [DEBUG] cheese - null
[2020-01-19T15:25:07.173] [DEBUG] cheese - null
[2020-01-19T15:26:31.579] [DEBUG] cheese - login => username:admin,password:123456d
[2020-01-19T15:26:31.579] [DEBUG] cheese - admin
[2020-01-19T15:26:31.581] [DEBUG] cheese - null
[2020-01-19T15:26:31.581] [DEBUG] cheese - null
[2020-01-19T15:26:34.835] [DEBUG] cheese - login => username:admin,password:123456d
[2020-01-19T15:26:34.835] [DEBUG] cheese - admin
[2020-01-19T15:26:34.836] [DEBUG] cheese - null
[2020-01-19T15:26:34.837] [DEBUG] cheese - null
[2020-01-19T15:26:35.293] [DEBUG] cheese - login => username:admin,password:123456d
[2020-01-19T15:26:35.293] [DEBUG] cheese - admin
[2020-01-19T15:26:35.296] [DEBUG] cheese - null
[2020-01-19T15:26:35.296] [DEBUG] cheese - null
[2020-01-19T15:26:40.302] [DEBUG] cheese - login => username:admin,password:123456
[2020-01-19T15:26:40.302] [DEBUG] cheese - admin
[2020-01-19T15:26:40.304] [DEBUG] cheese - null
[2020-01-19T15:26:40.304] [DEBUG] cheese - null
[2020-01-19T15:28:41.289] [DEBUG] cheese - login => username:admin,password:123456
[2020-01-19T15:28:41.289] [DEBUG] cheese - admin
[2020-01-19T15:28:41.291] [DEBUG] cheese - null
[2020-01-19T15:28:41.291] [DEBUG] cheese - null
[2020-01-19T15:29:36.110] [DEBUG] cheese - login => username:admin,password:123456
[2020-01-19T15:29:36.110] [DEBUG] cheese - admin
[2020-01-19T15:29:36.113] [DEBUG] cheese - null
[2020-01-19T15:29:36.113] [DEBUG] cheese - null
[2020-01-19T15:30:03.885] [DEBUG] cheese - login => username:admin,password:123456
[2020-01-19T15:30:03.885] [DEBUG] cheese - admin
[2020-01-19T15:30:03.888] [DEBUG] cheese - null
[2020-01-19T15:30:03.888] [DEBUG] cheese - null
[2020-01-19T15:42:40.236] [DEBUG] cheese - login => username:admin,password:123456
[2020-01-19T15:42:40.236] [DEBUG] cheese - admin
[2020-01-19T15:42:40.239] [DEBUG] cheese - null
[2020-01-19T15:42:40.239] [DEBUG] cheese - null
[2020-01-19T16:03:47.994] [DEBUG] cheese - login => username:admin,password:123456
[2020-01-19T16:03:47.994] [DEBUG] cheese - admin
[2020-01-19T16:03:47.997] [DEBUG] cheese - null
[2020-01-19T16:03:47.997] [DEBUG] cheese - null
[2020-01-19T16:10:45.012] [DEBUG] cheese - login => username:admin,password:123456
[2020-01-19T16:10:45.012] [DEBUG] cheese - admin
[2020-01-19T16:10:45.016] [DEBUG] cheese - null
[2020-01-19T16:10:45.016] [DEBUG] cheese - null
[2020-01-19T16:11:53.433] [DEBUG] cheese - login => username:admin,password:123456
[2020-01-19T16:11:53.433] [DEBUG] cheese - admin
[2020-01-19T16:11:53.436] [DEBUG] cheese - null
[2020-01-19T16:11:53.436] [DEBUG] cheese - null
[2020-01-19T16:18:49.514] [DEBUG] cheese - login => username:admin,password:123456
[2020-01-19T16:18:49.514] [DEBUG] cheese - admin
[2020-01-19T16:18:49.516] [DEBUG] cheese - null
[2020-01-19T16:18:49.517] [DEBUG] cheese - null
[2020-01-19T16:28:16.679] [DEBUG] cheese - login => username:admin,password:123456
[2020-01-19T16:28:16.679] [DEBUG] cheese - admin
[2020-01-19T16:28:16.681] [DEBUG] cheese - null
[2020-01-19T16:28:16.681] [DEBUG] cheese - null
[2020-01-19T16:56:02.532] [DEBUG] cheese - login => username:admin,password:123456
[2020-01-19T16:56:02.533] [DEBUG] cheese - admin
[2020-01-19T16:56:02.536] [DEBUG] cheese - null
[2020-01-19T16:56:02.536] [DEBUG] cheese - null
[2020-01-19T17:21:38.815] [DEBUG] cheese - login => username:admin,password:123456
[2020-01-19T17:21:38.815] [DEBUG] cheese - admin
[2020-01-19T17:21:38.817] [DEBUG] cheese - null
[2020-01-19T17:21:38.817] [DEBUG] cheese - null
[2020-01-19T17:23:50.368] [DEBUG] cheese - login => username:admin,password:123456
[2020-01-19T17:23:50.369] [DEBUG] cheese - admin
[2020-01-19T17:23:50.371] [DEBUG] cheese - null
[2020-01-19T17:23:50.371] [DEBUG] cheese - null
[2020-01-19T17:24:24.053] [DEBUG] cheese - login => username:admin,password:123456
[2020-01-19T17:24:24.053] [DEBUG] cheese - admin
[2020-01-19T17:24:24.055] [DEBUG] cheese - null
[2020-01-19T17:24:24.055] [DEBUG] cheese - null
[2020-01-19T17:28:18.312] [DEBUG] cheese - login => username:admin,password:123456
[2020-01-19T17:28:18.312] [DEBUG] cheese - admin
[2020-01-19T17:28:18.315] [DEBUG] cheese - null
[2020-01-19T17:28:18.315] [DEBUG] cheese - null
[2020-01-19T17:44:37.466] [DEBUG] cheese - login => username:admin,password:123456
[2020-01-19T17:44:37.466] [DEBUG] cheese - admin
[2020-01-19T17:44:37.469] [DEBUG] cheese - null
[2020-01-19T17:44:37.469] [DEBUG] cheese - null
[2020-01-19T17:46:20.424] [DEBUG] cheese - login => username:admin,password:123456
[2020-01-19T17:46:20.424] [DEBUG] cheese - admin
[2020-01-19T17:46:20.428] [DEBUG] cheese - null
[2020-01-19T17:46:20.428] [DEBUG] cheese - null
[2020-01-19T21:53:47.644] [DEBUG] cheese - login => username:admin,password:123456
[2020-01-19T21:53:47.644] [DEBUG] cheese - admin
[2020-01-19T21:53:47.647] [DEBUG] cheese - null
[2020-01-19T21:53:47.647] [DEBUG] cheese - null
[2020-01-19T22:21:52.998] [DEBUG] cheese - login => username:admin,password:123456
[2020-01-19T22:21:52.998] [DEBUG] cheese - admin
[2020-01-19T22:21:53.001] [DEBUG] cheese - null
[2020-01-19T22:21:53.001] [DEBUG] cheese - null
[2020-01-19T23:08:34.335] [DEBUG] cheese - login => username:admin,password:123456
[2020-01-19T23:08:34.335] [DEBUG] cheese - admin
[2020-01-19T23:08:34.337] [DEBUG] cheese - null
[2020-01-19T23:08:34.337] [DEBUG] cheese - null
[2020-01-20T16:15:37.043] [DEBUG] cheese - login => username:admin,password:123456
[2020-01-20T16:15:37.045] [DEBUG] cheese - admin
[2020-01-20T16:15:37.055] [DEBUG] cheese - null
[2020-01-20T16:15:37.056] [DEBUG] cheese - null
[2020-01-20T16:40:51.810] [DEBUG] cheese - login => username:admin,password:123456
[2020-01-20T16:40:51.810] [DEBUG] cheese - admin
[2020-01-20T16:40:51.814] [DEBUG] cheese - null
[2020-01-20T16:40:51.814] [DEBUG] cheese - null
[2020-01-20T23:36:37.377] [DEBUG] cheese - login => username:admin,password:123456
[2020-01-20T23:36:37.378] [DEBUG] cheese - admin
[2020-01-20T23:36:37.380] [DEBUG] cheese - null
[2020-01-20T23:36:37.380] [DEBUG] cheese - null
[2020-01-21T15:57:20.945] [DEBUG] cheese - null
[2020-01-21T23:03:47.319] [DEBUG] cheese - login => username:admin,password:123456
[2020-01-21T23:03:47.320] [DEBUG] cheese - admin
[2020-01-21T23:03:47.323] [DEBUG] cheese - null
[2020-01-21T23:03:47.323] [DEBUG] cheese - null
[2020-01-23T20:44:20.582] [DEBUG] cheese - login => username:admin,password:123456
[2020-01-23T20:44:20.585] [DEBUG] cheese - admin
[2020-01-23T20:44:20.604] [DEBUG] cheese - null
[2020-01-23T20:44:20.605] [DEBUG] cheese - null
[2020-01-25T12:07:27.757] [DEBUG] cheese - login => username:admin,password:123456
[2020-01-25T12:07:27.758] [DEBUG] cheese - admin
[2020-01-25T12:07:27.868] [DEBUG] cheese - null
[2020-01-25T12:07:27.868] [DEBUG] cheese - null
[2020-01-25T17:55:09.328] [DEBUG] cheese - login => username:admin,password:123456
[2020-01-25T17:55:09.328] [DEBUG] cheese - admin
[2020-01-25T17:55:09.330] [DEBUG] cheese - null
[2020-01-25T17:55:09.330] [DEBUG] cheese - null
[2020-01-25T17:56:06.587] [DEBUG] cheese - login => username:admi,password:123456
[2020-01-25T17:56:06.588] [DEBUG] cheese - admi
[2020-01-25T17:56:06.589] [DEBUG] cheese - null
[2020-01-25T17:56:06.589] [DEBUG] cheese - null
[2020-01-25T17:56:10.552] [DEBUG] cheese - login => username:admin,password:123456
[2020-01-25T17:56:10.552] [DEBUG] cheese - admin
[2020-01-25T17:56:10.555] [DEBUG] cheese - null
[2020-01-25T17:56:10.555] [DEBUG] cheese - null
[2020-01-25T17:56:25.692] [DEBUG] cheese - login => username:linken,password:123456
[2020-01-25T17:56:25.692] [DEBUG] cheese - linken
[2020-01-25T17:56:25.695] [DEBUG] cheese - null
[2020-01-25T17:56:25.695] [DEBUG] cheese - null
[2020-01-25T17:56:33.086] [DEBUG] cheese - login => username:admin,password:123456
[2020-01-25T17:56:33.086] [DEBUG] cheese - admin
[2020-01-25T17:56:33.089] [DEBUG] cheese - null
[2020-01-25T17:56:33.089] [DEBUG] cheese - null
[2020-01-25T18:01:11.807] [DEBUG] cheese - login => username:auth,password:123456
[2020-01-25T18:01:11.807] [DEBUG] cheese - auth
[2020-01-25T18:01:11.809] [DEBUG] cheese - null
[2020-01-25T18:01:11.809] [DEBUG] cheese - null
[2020-01-25T18:01:21.331] [DEBUG] cheese - login => username:auth,password:123456
[2020-01-25T18:01:21.331] [DEBUG] cheese - auth
[2020-01-25T18:01:21.333] [DEBUG] cheese - null
[2020-01-25T18:01:21.333] [DEBUG] cheese - null
[2020-01-25T18:01:22.594] [DEBUG] cheese - login => username:admin,password:123456
[2020-01-25T18:01:22.594] [DEBUG] cheese - admin
[2020-01-25T18:01:22.596] [DEBUG] cheese - null
[2020-01-25T18:01:22.596] [DEBUG] cheese - null
[2020-01-25T18:01:46.719] [DEBUG] cheese - login => username:auth,password:123456
[2020-01-25T18:01:46.719] [DEBUG] cheese - auth
[2020-01-25T18:01:46.720] [DEBUG] cheese - null
[2020-01-25T18:01:46.720] [DEBUG] cheese - null
[2020-01-25T18:01:49.042] [DEBUG] cheese - null
[2020-01-25T18:01:49.045] [DEBUG] cheese - null
[2020-01-25T18:01:52.237] [DEBUG] cheese - null
[2020-01-25T18:01:52.238] [DEBUG] cheese - null
[2020-01-25T18:01:53.421] [DEBUG] cheese - null
[2020-01-25T18:01:53.424] [DEBUG] cheese - null
[2020-01-25T18:01:59.201] [DEBUG] cheese - login => username:admin,password:123456
[2020-01-25T18:01:59.201] [DEBUG] cheese - admin
[2020-01-25T18:01:59.202] [DEBUG] cheese - null
[2020-01-25T18:01:59.202] [DEBUG] cheese - null
[2020-01-26T13:07:24.764] [DEBUG] cheese - login => username:admin,password:123456
[2020-01-26T13:07:24.764] [DEBUG] cheese - admin
[2020-01-26T13:07:24.767] [DEBUG] cheese - null
[2020-01-26T13:07:24.767] [DEBUG] cheese - null
[2020-01-26T16:04:29.486] [DEBUG] cheese - login => username:admin,password:123456
[2020-01-26T16:04:29.486] [DEBUG] cheese - admin
[2020-01-26T16:04:29.592] [DEBUG] cheese - null
[2020-01-26T16:04:29.592] [DEBUG] cheese - null
[2020-01-26T17:42:27.771] [DEBUG] cheese - login => username:orders,password:123456
[2020-01-26T17:42:27.772] [DEBUG] cheese - orders
[2020-01-26T17:42:27.776] [DEBUG] cheese - null
[2020-01-26T17:42:27.776] [DEBUG] cheese - null
[2020-01-26T17:42:37.026] [DEBUG] cheese - login => username:admin,password:123456
[2020-01-26T17:42:37.026] [DEBUG] cheese - admin
[2020-01-26T17:42:37.031] [DEBUG] cheese - null
[2020-01-26T17:42:37.031] [DEBUG] cheese - null
[2020-01-26T17:42:51.967] [DEBUG] cheese - login => username:good,password:123456
[2020-01-26T17:42:51.967] [DEBUG] cheese - good
[2020-01-26T17:42:51.968] [DEBUG] cheese - null
[2020-01-26T17:42:51.969] [DEBUG] cheese - null
[2020-01-26T17:42:57.198] [DEBUG] cheese - login => username:good,password:123456
[2020-01-26T17:42:57.198] [DEBUG] cheese - good
[2020-01-26T17:42:57.202] [DEBUG] cheese - null
[2020-01-26T17:42:57.202] [DEBUG] cheese - null
[2020-01-26T17:43:03.117] [DEBUG] cheese - login => username:admin,password:123456
[2020-01-26T17:43:03.117] [DEBUG] cheese - admin
[2020-01-26T17:43:03.121] [DEBUG] cheese - null
[2020-01-26T17:43:03.121] [DEBUG] cheese - null
[2020-01-26T17:59:57.263] [DEBUG] cheese - login => username:linken,password:123456
[2020-01-26T17:59:57.263] [DEBUG] cheese - linken
[2020-01-26T17:59:57.266] [DEBUG] cheese - null
[2020-01-26T17:59:57.266] [DEBUG] cheese - null
[2020-01-26T17:59:59.567] [DEBUG] cheese - null
[2020-01-26T17:59:59.571] [DEBUG] cheese - null
[2020-01-26T18:00:00.669] [DEBUG] cheese - null
[2020-01-26T18:00:00.673] [DEBUG] cheese - null
[2020-01-26T18:00:01.722] [DEBUG] cheese - null
[2020-01-26T18:00:01.725] [DEBUG] cheese - null
[2020-01-26T18:00:12.566] [DEBUG] cheese - null
[2020-01-26T18:00:12.571] [DEBUG] cheese - null
[2020-01-26T18:00:13.701] [DEBUG] cheese - null
[2020-01-26T18:00:13.705] [DEBUG] cheese - null
[2020-01-26T18:00:20.653] [DEBUG] cheese - login => username:admin,password:123456
[2020-01-26T18:00:20.653] [DEBUG] cheese - admin
[2020-01-26T18:00:20.657] [DEBUG] cheese - null
[2020-01-26T18:00:20.657] [DEBUG] cheese - null
[2020-01-26T18:01:02.169] [DEBUG] cheese - login => username:admin,password:123456
[2020-01-26T18:01:02.169] [DEBUG] cheese - admin
[2020-01-26T18:01:02.174] [DEBUG] cheese - null
[2020-01-26T18:01:02.174] [DEBUG] cheese - null
[2020-01-26T18:01:11.646] [DEBUG] cheese - login => username:orders,password:123456
[2020-01-26T18:01:11.646] [DEBUG] cheese - orders
[2020-01-26T18:01:11.650] [DEBUG] cheese - null
[2020-01-26T18:01:11.650] [DEBUG] cheese - null
[2020-01-26T18:01:12.416] [DEBUG] cheese - login => username:orders,password:123456
[2020-01-26T18:01:12.416] [DEBUG] cheese - orders
[2020-01-26T18:01:12.421] [DEBUG] cheese - null
[2020-01-26T18:01:12.421] [DEBUG] cheese - null
[2020-01-26T18:01:12.616] [DEBUG] cheese - login => username:orders,password:123456
[2020-01-26T18:01:12.617] [DEBUG] cheese - orders
[2020-01-26T18:01:12.620] [DEBUG] cheese - null
[2020-01-26T18:01:12.621] [DEBUG] cheese - null
[2020-01-26T18:01:15.327] [DEBUG] cheese - login => username:admin,password:123456
[2020-01-26T18:01:15.327] [DEBUG] cheese - admin
[2020-01-26T18:01:15.331] [DEBUG] cheese - null
[2020-01-26T18:01:15.331] [DEBUG] cheese - null
[2020-01-26T22:01:29.107] [DEBUG] cheese - login => username:admin,password:123456
[2020-01-26T22:01:29.107] [DEBUG] cheese - admin
[2020-01-26T22:01:29.113] [DEBUG] cheese - null
[2020-01-26T22:01:29.113] [DEBUG] cheese - null
[2020-01-28T09:54:49.669] [DEBUG] cheese - login => username:admin,password:123456
[2020-01-28T09:54:49.671] [DEBUG] cheese - admin
[2020-01-28T09:54:49.689] [DEBUG] cheese - null
[2020-01-28T09:54:49.690] [DEBUG] cheese - null
[2020-01-28T09:59:40.428] [DEBUG] cheese - login => username:admin,password:123456
[2020-01-28T09:59:40.428] [DEBUG] cheese - admin
[2020-01-28T09:59:40.431] [DEBUG] cheese - null
[2020-01-28T09:59:40.431] [DEBUG] cheese - null
[2020-01-28T12:56:54.555] [DEBUG] cheese - login => username:admin,password:123456
[2020-01-28T12:56:54.555] [DEBUG] cheese - admin
[2020-01-28T12:56:54.558] [DEBUG] cheese - null
[2020-01-28T12:56:54.558] [DEBUG] cheese - null
[2020-01-29T14:09:05.931] [DEBUG] cheese - login => username:admin,password:123456
[2020-01-29T14:09:05.931] [DEBUG] cheese - admin
[2020-01-29T14:09:05.987] [DEBUG] cheese - null
[2020-01-29T14:09:05.987] [DEBUG] cheese - null
[2020-01-30T13:06:03.979] [DEBUG] cheese - login => username:admin,password:123456
[2020-01-30T13:06:03.981] [DEBUG] cheese - admin
[2020-01-30T13:06:03.998] [DEBUG] cheese - null
[2020-01-30T13:06:03.999] [DEBUG] cheese - null
[2020-01-31T15:04:41.057] [DEBUG] cheese - login => username:admin,password:123456
[2020-01-31T15:04:41.059] [DEBUG] cheese - admin
[2020-01-31T15:04:41.091] [DEBUG] cheese - null
[2020-01-31T15:04:41.091] [DEBUG] cheese - null
[2020-01-31T15:16:39.226] [DEBUG] cheese - login => username:admin,password:123456
[2020-01-31T15:16:39.226] [DEBUG] cheese - admin
[2020-01-31T15:16:39.230] [DEBUG] cheese - null
[2020-01-31T15:16:39.230] [DEBUG] cheese - null
[2020-01-31T15:16:57.411] [DEBUG] cheese - login => username:admin,password:123456
[2020-01-31T15:16:57.412] [DEBUG] cheese - admin
[2020-01-31T15:16:57.416] [DEBUG] cheese - null
[2020-01-31T15:16:57.416] [DEBUG] cheese - null
[2020-01-31T16:45:49.514] [DEBUG] cheese - null
[2020-02-01T15:19:52.934] [DEBUG] cheese - login => username:admin,password:123456
[2020-02-01T15:19:52.934] [DEBUG] cheese - admin
[2020-02-01T15:19:52.943] [DEBUG] cheese - null
[2020-02-01T15:19:52.943] [DEBUG] cheese - null
[2020-02-02T10:55:43.884] [DEBUG] cheese - login => username:admin,password:123456
[2020-02-02T10:55:43.884] [DEBUG] cheese - admin
[2020-02-02T10:55:43.887] [DEBUG] cheese - null
[2020-02-02T10:55:43.887] [DEBUG] cheese - null
[2020-02-02T12:23:43.455] [DEBUG] cheese - login => username:admin,password:123456
[2020-02-02T12:23:43.458] [DEBUG] cheese - admin
[2020-02-02T12:23:43.478] [DEBUG] cheese - null
[2020-02-02T12:23:43.478] [DEBUG] cheese - null
[2020-02-02T12:25:57.106] [DEBUG] cheese - login => username:admin,password:123456
[2020-02-02T12:25:57.106] [DEBUG] cheese - admin
[2020-02-02T12:25:57.112] [DEBUG] cheese - null
[2020-02-02T12:25:57.112] [DEBUG] cheese - null
[2020-02-02T12:27:41.624] [DEBUG] cheese - login => username:admin,password:123456
[2020-02-02T12:27:41.624] [DEBUG] cheese - admin
[2020-02-02T12:27:41.630] [DEBUG] cheese - null
[2020-02-02T12:27:41.630] [DEBUG] cheese - null
[2020-02-02T12:28:10.566] [DEBUG] cheese - login => username:admin5,password:123456
[2020-02-02T12:28:10.566] [DEBUG] cheese - admin5
[2020-02-02T12:28:10.570] [DEBUG] cheese - null
[2020-02-02T12:28:10.571] [DEBUG] cheese - null
[2020-02-02T12:28:31.941] [DEBUG] cheese - login => username:admin,password:123456
[2020-02-02T12:28:31.941] [DEBUG] cheese - admin
[2020-02-02T12:28:31.946] [DEBUG] cheese - null
[2020-02-02T12:28:31.946] [DEBUG] cheese - null
[2020-02-02T12:40:46.618] [DEBUG] cheese - login => username:admin,password:123456
[2020-02-02T12:40:46.619] [DEBUG] cheese - admin
[2020-02-02T12:40:46.622] [DEBUG] cheese - null
[2020-02-02T12:40:46.622] [DEBUG] cheese - null
[2020-02-02T12:47:25.040] [DEBUG] cheese - login => username:admin,password:123456
[2020-02-02T12:47:25.040] [DEBUG] cheese - admin
[2020-02-02T12:47:25.043] [DEBUG] cheese - null
[2020-02-02T12:47:25.043] [DEBUG] cheese - null
[2020-02-02T12:59:06.747] [DEBUG] cheese - login => username:admin,password:123456
[2020-02-02T12:59:06.750] [DEBUG] cheese - admin
[2020-02-02T12:59:06.762] [DEBUG] cheese - null
[2020-02-02T12:59:06.762] [DEBUG] cheese - null
[2020-02-02T13:42:31.266] [DEBUG] cheese - login => username:admin,password:123456
[2020-02-02T13:42:31.266] [DEBUG] cheese - admin
[2020-02-02T13:42:31.272] [DEBUG] cheese - null
[2020-02-02T13:42:31.273] [DEBUG] cheese - null
[2020-02-02T13:42:52.236] [DEBUG] cheese - login => username:admin,password:123456
[2020-02-02T13:42:52.237] [DEBUG] cheese - admin
[2020-02-02T13:42:52.241] [DEBUG] cheese - null
[2020-02-02T13:42:52.241] [DEBUG] cheese - null
[2020-02-02T13:43:22.373] [DEBUG] cheese - login => username:admin,password:123456
[2020-02-02T13:43:22.373] [DEBUG] cheese - admin
[2020-02-02T13:43:22.381] [DEBUG] cheese - null
[2020-02-02T13:43:22.382] [DEBUG] cheese - null
[2020-02-02T13:57:57.669] [DEBUG] cheese - login => username:admin,password:123456
[2020-02-02T13:57:57.669] [DEBUG] cheese - admin
[2020-02-02T13:57:57.675] [DEBUG] cheese - null
[2020-02-02T13:57:57.675] [DEBUG] cheese - null
[2020-02-02T14:01:00.834] [DEBUG] cheese - login => username:admin,password:123456
[2020-02-02T14:01:00.836] [DEBUG] cheese - admin
[2020-02-02T14:01:00.875] [DEBUG] cheese - null
[2020-02-02T14:01:00.876] [DEBUG] cheese - null
[2020-02-02T14:28:33.260] [DEBUG] cheese - login => username:admin,password:123456
[2020-02-02T14:28:33.260] [DEBUG] cheese - admin
[2020-02-02T14:28:33.263] [DEBUG] cheese - null
[2020-02-02T14:28:33.263] [DEBUG] cheese - null
[2020-02-02T14:35:49.467] [DEBUG] cheese - login => username:admin,password:123456
[2020-02-02T14:35:49.467] [DEBUG] cheese - admin
[2020-02-02T14:35:49.470] [DEBUG] cheese - null
[2020-02-02T14:35:49.470] [DEBUG] cheese - null
[2020-02-02T15:29:21.354] [DEBUG] cheese - login => username:admin,password:123456
[2020-02-02T15:29:21.354] [DEBUG] cheese - admin
[2020-02-02T15:29:21.363] [DEBUG] cheese - null
[2020-02-02T15:29:21.363] [DEBUG] cheese - null
[2020-02-02T15:34:42.350] [DEBUG] cheese - login => username:admin,password:123456
[2020-02-02T15:34:42.350] [DEBUG] cheese - admin
[2020-02-02T15:34:42.352] [DEBUG] cheese - null
[2020-02-02T15:34:42.353] [DEBUG] cheese - null
[2020-02-02T16:01:32.433] [DEBUG] cheese - login => username:admin,password:123456
[2020-02-02T16:01:32.433] [DEBUG] cheese - admin
[2020-02-02T16:01:32.435] [DEBUG] cheese - null
[2020-02-02T16:01:32.435] [DEBUG] cheese - null
[2020-02-02T16:11:20.413] [DEBUG] cheese - login => username:admin,password:123456
[2020-02-02T16:11:20.413] [DEBUG] cheese - admin
[2020-02-02T16:11:20.414] [DEBUG] cheese - null
[2020-02-02T16:11:20.414] [DEBUG] cheese - null
[2020-02-05T13:54:07.684] [DEBUG] cheese - login => username:admin,password:123456
[2020-02-05T13:54:07.685] [DEBUG] cheese - admin
[2020-02-05T13:54:07.719] [DEBUG] cheese - null
[2020-02-05T13:54:07.719] [DEBUG] cheese - null
[2020-02-14T17:01:46.873] [DEBUG] cheese - login => username:admin,password:123456
[2020-02-14T17:01:46.876] [DEBUG] cheese - admin
[2020-02-14T17:01:46.900] [DEBUG] cheese - null
[2020-02-14T17:01:46.901] [DEBUG] cheese - null
[2020-02-14T17:50:21.591] [DEBUG] cheese - login => username:admin,password:123456
[2020-02-14T17:50:21.594] [DEBUG] cheese - admin
[2020-02-14T17:50:21.604] [DEBUG] cheese - null
[2020-02-14T17:50:21.604] [DEBUG] cheese - null
[2020-02-14T17:51:46.243] [DEBUG] cheese - login => username:report,password:123456
[2020-02-14T17:51:46.244] [DEBUG] cheese - report
[2020-02-14T17:51:46.247] [DEBUG] cheese - null
[2020-02-14T17:51:46.247] [DEBUG] cheese - null
[2020-02-14T17:51:51.927] [DEBUG] cheese - login => username:admin,password:123456
[2020-02-14T17:51:51.928] [DEBUG] cheese - admin
[2020-02-14T17:51:51.930] [DEBUG] cheese - null
[2020-02-14T17:51:51.930] [DEBUG] cheese - null
[2020-02-14T17:53:05.427] [DEBUG] cheese - login => username:author,password:123456
[2020-02-14T17:53:05.427] [DEBUG] cheese - author
[2020-02-14T17:53:05.429] [DEBUG] cheese - null
[2020-02-14T17:53:05.429] [DEBUG] cheese - null
[2020-02-14T17:53:07.947] [DEBUG] cheese - null
[2020-02-14T17:53:07.949] [DEBUG] cheese - null
[2020-02-14T17:53:13.294] [DEBUG] cheese - null
[2020-02-14T17:53:13.296] [DEBUG] cheese - null
[2020-02-14T17:53:14.599] [DEBUG] cheese - null
[2020-02-14T17:53:14.601] [DEBUG] cheese - null
[2020-02-14T17:53:23.043] [DEBUG] cheese - login => username:admin,password:123456
[2020-02-14T17:53:23.043] [DEBUG] cheese - admin
[2020-02-14T17:53:23.045] [DEBUG] cheese - null
[2020-02-14T17:53:23.045] [DEBUG] cheese - null
[2020-02-15T13:35:26.258] [DEBUG] cheese - login => username:admin,password:123456
[2020-02-15T13:35:26.259] [DEBUG] cheese - admin
[2020-02-15T13:35:26.261] [DEBUG] cheese - null
[2020-02-15T13:35:26.261] [DEBUG] cheese - null
[2020-02-16T12:38:14.875] [DEBUG] cheese - login => username:admin,password:123456
[2020-02-16T12:38:14.875] [DEBUG] cheese - admin
[2020-02-16T12:38:14.885] [DEBUG] cheese - null
[2020-02-16T12:38:14.885] [DEBUG] cheese - null
[2020-02-19T12:23:52.880] [DEBUG] cheese - login => username:admin,password:123456
[2020-02-19T12:23:52.880] [DEBUG] cheese - admin
[2020-02-19T12:23:52.886] [DEBUG] cheese - null
[2020-02-19T12:23:52.887] [DEBUG] cheese - null
[2020-02-19T12:26:17.173] [DEBUG] cheese - login => username:admin,password:123456
[2020-02-19T12:26:17.173] [DEBUG] cheese - admin
[2020-02-19T12:26:17.176] [DEBUG] cheese - null
[2020-02-19T12:26:17.176] [DEBUG] cheese - null
[2020-02-19T12:27:14.420] [DEBUG] cheese - login => username:admin,password:123456
[2020-02-19T12:27:14.420] [DEBUG] cheese - admin
[2020-02-19T12:27:14.422] [DEBUG] cheese - null
[2020-02-19T12:27:14.423] [DEBUG] cheese - null
[2020-02-25T03:10:46.626] [DEBUG] cheese - login => username:admin,password:123456
[2020-02-25T03:10:46.629] [DEBUG] cheese - admin
[2020-02-25T03:10:46.663] [DEBUG] cheese - null
[2020-02-25T03:10:46.663] [DEBUG] cheese - null
[2020-02-25T03:12:31.943] [DEBUG] cheese - login => username:goods,password:123456
[2020-02-25T03:12:31.943] [DEBUG] cheese - goods
[2020-02-25T03:12:31.945] [DEBUG] cheese - null
[2020-02-25T03:12:31.945] [DEBUG] cheese - null
[2020-02-25T03:12:34.412] [DEBUG] cheese - login => username:admin,password:123456
[2020-02-25T03:12:34.412] [DEBUG] cheese - admin
[2020-02-25T03:12:34.415] [DEBUG] cheese - null
[2020-02-25T03:12:34.415] [DEBUG] cheese - null
[2020-02-25T03:12:53.832] [DEBUG] cheese - login => username:good,password:123456
[2020-02-25T03:12:53.832] [DEBUG] cheese - good
[2020-02-25T03:12:53.835] [DEBUG] cheese - null
[2020-02-25T03:12:53.835] [DEBUG] cheese - null
[2020-02-25T03:13:04.899] [DEBUG] cheese - login => username:goods,password:123456
[2020-02-25T03:13:04.899] [DEBUG] cheese - goods
[2020-02-25T03:13:04.901] [DEBUG] cheese - null
[2020-02-25T03:13:04.901] [DEBUG] cheese - null
[2020-02-25T03:13:08.296] [DEBUG] cheese - null
[2020-02-25T03:13:08.298] [DEBUG] cheese - null
[2020-02-25T03:13:24.035] [DEBUG] cheese - null
[2020-02-25T03:13:24.038] [DEBUG] cheese - null
[2020-02-25T03:13:28.201] [DEBUG] cheese - null
[2020-02-25T03:13:28.203] [DEBUG] cheese - null
[2020-02-25T03:13:51.407] [DEBUG] cheese - null
[2020-02-25T03:13:51.410] [DEBUG] cheese - null
[2020-02-25T03:13:56.478] [DEBUG] cheese - null
[2020-02-25T03:13:56.480] [DEBUG] cheese - null
[2020-02-25T03:13:59.727] [DEBUG] cheese - null
[2020-02-25T03:13:59.729] [DEBUG] cheese - null
[2020-02-25T03:14:04.221] [DEBUG] cheese - null
[2020-02-25T03:14:04.224] [DEBUG] cheese - null
[2020-02-25T03:14:04.272] [DEBUG] cheese - null
[2020-02-25T03:14:04.273] [DEBUG] cheese - null
[2020-02-25T03:14:12.593] [DEBUG] cheese - login => username:goods,password:123456
[2020-02-25T03:14:12.593] [DEBUG] cheese - goods
[2020-02-25T03:14:12.596] [DEBUG] cheese - null
[2020-02-25T03:14:12.596] [DEBUG] cheese - null
[2020-02-25T03:14:15.186] [DEBUG] cheese - null
[2020-02-25T03:14:15.188] [DEBUG] cheese - null
[2020-02-25T03:14:16.064] [DEBUG] cheese - null
[2020-02-25T03:14:16.065] [DEBUG] cheese - null
[2020-02-25T03:14:17.239] [DEBUG] cheese - null
[2020-02-25T03:14:17.241] [DEBUG] cheese - null
[2020-02-25T03:14:23.251] [DEBUG] cheese - login => username:admin,password:123456
[2020-02-25T03:14:23.251] [DEBUG] cheese - admin
[2020-02-25T03:14:23.253] [DEBUG] cheese - null
[2020-02-25T03:14:23.253] [DEBUG] cheese - null
[2020-02-25T03:16:13.919] [DEBUG] cheese - login => username:goods,password:123456
[2020-02-25T03:16:13.919] [DEBUG] cheese - goods
[2020-02-25T03:16:13.920] [DEBUG] cheese - null
[2020-02-25T03:16:13.921] [DEBUG] cheese - null
[2020-02-25T03:16:17.235] [DEBUG] cheese - null
[2020-02-25T03:16:17.236] [DEBUG] cheese - null
[2020-02-25T03:16:20.234] [DEBUG] cheese - null
[2020-02-25T03:16:20.239] [DEBUG] cheese - null
[2020-02-25T03:16:21.420] [DEBUG] cheese - null
[2020-02-25T03:16:21.427] [DEBUG] cheese - null
[2020-02-25T03:16:28.501] [DEBUG] cheese - login => username:admin,password:123456
[2020-02-25T03:16:28.502] [DEBUG] cheese - admin
[2020-02-25T03:16:28.513] [DEBUG] cheese - null
[2020-02-25T03:16:28.513] [DEBUG] cheese - null
[2020-02-25T03:23:35.712] [DEBUG] cheese - login => username:admin,password:123456
[2020-02-25T03:23:35.712] [DEBUG] cheese - admin
[2020-02-25T03:23:35.715] [DEBUG] cheese - null
[2020-02-25T03:23:35.715] [DEBUG] cheese - null
[2020-02-25T03:25:38.822] [DEBUG] cheese - null
[2020-02-25T03:26:05.449] [DEBUG] cheese - login => username:linken,password:123456
[2020-02-25T03:26:05.450] [DEBUG] cheese - linken
[2020-02-25T03:26:05.451] [DEBUG] cheese - null
[2020-02-25T03:26:05.451] [DEBUG] cheese - null
[2020-02-25T03:26:07.914] [DEBUG] cheese - null
[2020-02-25T03:26:12.458] [DEBUG] cheese - null
[2020-02-25T03:26:18.375] [DEBUG] cheese - null
[2020-02-25T03:26:18.377] [DEBUG] cheese - null
[2020-02-25T03:26:21.334] [DEBUG] cheese - null
[2020-02-25T03:26:21.335] [DEBUG] cheese - null
[2020-02-25T03:26:22.151] [DEBUG] cheese - null
[2020-02-25T03:26:22.153] [DEBUG] cheese - null
[2020-02-25T03:26:22.799] [DEBUG] cheese - null
[2020-02-25T03:26:22.801] [DEBUG] cheese - null
[2020-02-25T03:26:25.970] [DEBUG] cheese - login => username:admin,password:123456
[2020-02-25T03:26:25.970] [DEBUG] cheese - admin
[2020-02-25T03:26:25.972] [DEBUG] cheese - null
[2020-02-25T03:26:25.972] [DEBUG] cheese - null
[2020-02-25T03:44:58.658] [DEBUG] cheese - login => username:admin,password:123456
[2020-02-25T03:44:58.658] [DEBUG] cheese - admin
[2020-02-25T03:44:58.660] [DEBUG] cheese - null
[2020-02-25T03:44:58.660] [DEBUG] cheese - null
[2020-02-25T09:35:09.360] [DEBUG] cheese - login => username:admin,password:123456
[2020-02-25T09:35:09.360] [DEBUG] cheese - admin
[2020-02-25T09:35:09.361] [DEBUG] cheese - null
[2020-02-25T09:35:09.361] [DEBUG] cheese - null
[2020-02-25T09:35:20.332] [DEBUG] cheese - login => username:goods,password:123456
[2020-02-25T09:35:20.333] [DEBUG] cheese - goods
[2020-02-25T09:35:20.335] [DEBUG] cheese - null
[2020-02-25T09:35:20.335] [DEBUG] cheese - null
[2020-02-25T09:35:22.817] [DEBUG] cheese - null
[2020-02-25T09:35:22.819] [DEBUG] cheese - null
[2020-02-25T09:35:23.402] [DEBUG] cheese - null
[2020-02-25T09:35:23.404] [DEBUG] cheese - null
[2020-02-25T09:35:31.430] [DEBUG] cheese - login => username:author,password:123456
[2020-02-25T09:35:31.430] [DEBUG] cheese - author
[2020-02-25T09:35:31.432] [DEBUG] cheese - null
[2020-02-25T09:35:31.432] [DEBUG] cheese - null
[2020-02-25T09:35:33.625] [DEBUG] cheese - null
[2020-02-25T09:35:33.626] [DEBUG] cheese - null
[2020-02-25T09:35:34.109] [DEBUG] cheese - null
[2020-02-25T09:35:34.110] [DEBUG] cheese - null
[2020-02-25T09:36:07.230] [DEBUG] cheese - login => username:admin,password:123456
[2020-02-25T09:36:07.230] [DEBUG] cheese - admin
[2020-02-25T09:36:07.233] [DEBUG] cheese - null
[2020-02-25T09:36:07.233] [DEBUG] cheese - null
[2020-02-25T09:36:57.448] [DEBUG] cheese - login => username:test,password:123456
[2020-02-25T09:36:57.448] [DEBUG] cheese - test
[2020-02-25T09:36:57.450] [DEBUG] cheese - null
[2020-02-25T09:36:57.451] [DEBUG] cheese - null
[2020-02-25T09:36:59.390] [DEBUG] cheese - login => username:admin,password:123456
[2020-02-25T09:36:59.390] [DEBUG] cheese - admin
[2020-02-25T09:36:59.392] [DEBUG] cheese - null
[2020-02-25T09:36:59.392] [DEBUG] cheese - null
[2020-02-25T09:37:20.461] [DEBUG] cheese - login => username:test,password:123456
[2020-02-25T09:37:20.461] [DEBUG] cheese - test
[2020-02-25T09:37:20.463] [DEBUG] cheese - null
[2020-02-25T09:37:20.463] [DEBUG] cheese - null
[2020-02-25T09:37:22.733] [DEBUG] cheese - null
[2020-02-25T09:37:22.734] [DEBUG] cheese - null
[2020-02-25T09:37:26.423] [DEBUG] cheese - login => username:admin,password:123456
[2020-02-25T09:37:26.424] [DEBUG] cheese - admin
[2020-02-25T09:37:26.425] [DEBUG] cheese - null
[2020-02-25T09:37:26.425] [DEBUG] cheese - null
[2020-02-25T09:37:34.639] [DEBUG] cheese - null
[2020-02-25T09:37:38.764] [DEBUG] cheese - null
[2020-02-25T09:37:44.419] [DEBUG] cheese - login => username:test,password:123456
[2020-02-25T09:37:44.419] [DEBUG] cheese - test
[2020-02-25T09:37:44.422] [DEBUG] cheese - null
[2020-02-25T09:37:44.422] [DEBUG] cheese - null
[2020-02-25T09:52:10.526] [DEBUG] cheese - null
[2020-02-25T09:52:10.528] [DEBUG] cheese - null
[2020-02-25T09:52:11.905] [DEBUG] cheese - null
[2020-02-25T09:52:11.906] [DEBUG] cheese - null
[2020-02-25T09:52:13.187] [DEBUG] cheese - null
[2020-02-25T09:52:13.189] [DEBUG] cheese - null
[2020-02-25T09:52:15.056] [DEBUG] cheese - null
[2020-02-25T09:52:15.057] [DEBUG] cheese - null
[2020-02-25T09:52:25.023] [DEBUG] cheese - null
[2020-02-25T09:52:25.024] [DEBUG] cheese - null
[2020-02-25T09:52:26.311] [DEBUG] cheese - null
[2020-02-25T09:52:26.312] [DEBUG] cheese - null
[2020-03-08T23:33:06.424] [DEBUG] cheese - login => username:admin,password:123456
[2020-03-08T23:33:06.428] [DEBUG] cheese - admin
[2020-03-08T23:33:06.483] [DEBUG] cheese - null
[2020-03-08T23:33:06.484] [DEBUG] cheese - null
[2020-03-08T23:33:18.033] [DEBUG] cheese - login => username:admin,password:123456
[2020-03-08T23:33:18.033] [DEBUG] cheese - admin
[2020-03-08T23:33:18.039] [DEBUG] cheese - null
[2020-03-08T23:33:18.039] [DEBUG] cheese - null
[2020-06-12T22:52:05.676] [DEBUG] cheese - login => username:as,password:123456
[2020-06-12T22:52:05.678] [DEBUG] cheese - as
[2020-06-12T22:52:05.686] [DEBUG] cheese - { inspect: [Function: inspect] }
[2020-06-12T22:52:05.687] [DEBUG] cheese - 查询失败
[2020-06-12T22:52:18.662] [DEBUG] cheese - login => username:admin,password:123456
[2020-06-12T22:52:18.663] [DEBUG] cheese - admin
[2020-06-12T22:52:18.665] [DEBUG] cheese - { inspect: [Function: inspect] }
[2020-06-12T22:52:18.665] [DEBUG] cheese - 查询失败
[2020-06-12T22:52:27.498] [DEBUG] cheese - login => username:admin,password:123456
[2020-06-12T22:52:27.499] [DEBUG] cheese - admin
[2020-06-12T22:52:27.501] [DEBUG] cheese - { inspect: [Function: inspect] }
[2020-06-12T22:52:27.501] [DEBUG] cheese - 查询失败
[2020-06-12T22:52:32.263] [DEBUG] cheese - login => username:admin,password:123456
[2020-06-12T22:52:32.263] [DEBUG] cheese - admin
[2020-06-12T22:52:32.273] [DEBUG] cheese - { inspect: [Function: inspect] }
[2020-06-12T22:52:32.273] [DEBUG] cheese - 查询失败
[2020-06-12T22:52:33.611] [DEBUG] cheese - login => username:admin,password:123456
[2020-06-12T22:52:33.611] [DEBUG] cheese - admin
[2020-06-12T22:52:33.614] [DEBUG] cheese - { inspect: [Function: inspect] }
[2020-06-12T22:52:33.614] [DEBUG] cheese - 查询失败
[2020-06-12T22:54:19.029] [DEBUG] cheese - login => username:admin,password:123456
[2020-06-12T22:54:19.029] [DEBUG] cheese - admin
[2020-06-12T22:54:19.031] [DEBUG] cheese - { inspect: [Function: inspect] }
[2020-06-12T22:54:19.031] [DEBUG] cheese - 查询失败
[2020-06-12T22:54:20.724] [DEBUG] cheese - login => username:admin,password:123456
[2020-06-12T22:54:20.724] [DEBUG] cheese - admin
[2020-06-12T22:54:20.735] [DEBUG] cheese - { inspect: [Function: inspect] }
[2020-06-12T22:54:20.735] [DEBUG] cheese - 查询失败
[2020-06-12T23:00:43.986] [DEBUG] cheese - login => username:admin,password:123456
[2020-06-12T23:00:43.986] [DEBUG] cheese - admin
[2020-06-12T23:00:43.990] [DEBUG] cheese - { inspect: [Function: inspect] }
[2020-06-12T23:00:43.991] [DEBUG] cheese - 查询失败
[2020-06-12T23:01:24.662] [DEBUG] cheese - login => username:admin,password:123456
[2020-06-12T23:01:24.662] [DEBUG] cheese - admin
[2020-06-12T23:01:24.670] [DEBUG] cheese - { inspect: [Function: inspect] }
[2020-06-12T23:01:24.670] [DEBUG] cheese - 查询失败
[2020-06-12T23:17:56.674] [DEBUG] cheese - login => username:admin,password:123456
[2020-06-12T23:17:56.675] [DEBUG] cheese - admin
[2020-06-12T23:17:56.679] [DEBUG] cheese - null
[2020-06-12T23:17:56.680] [DEBUG] cheese - null
[2020-06-12T23:43:42.164] [DEBUG] cheese - login => username:admin,password:123456
[2020-06-12T23:43:42.165] [DEBUG] cheese - admin
[2020-06-12T23:43:42.198] [DEBUG] cheese - null
[2020-06-12T23:43:42.198] [DEBUG] cheese - null
[2020-06-12T23:53:26.330] [DEBUG] cheese - login => username:admin,password:123456
[2020-06-12T23:53:26.330] [DEBUG] cheese - admin
[2020-06-12T23:53:26.343] [DEBUG] cheese - null
[2020-06-12T23:53:26.343] [DEBUG] cheese - null
[2020-06-13T00:38:33.121] [DEBUG] cheese - login => username:admin,password:123456
[2020-06-13T00:38:33.123] [DEBUG] cheese - admin
[2020-06-13T00:44:21.680] [DEBUG] cheese - login => username:admin,password:123456
[2020-06-13T00:44:21.680] [DEBUG] cheese - admin
[2020-06-13T00:44:21.690] [DEBUG] cheese - null
[2020-06-13T00:44:21.691] [DEBUG] cheese - null
[2020-06-13T00:44:21.801] [DEBUG] cheese - null
[2020-06-13T00:44:21.801] [DEBUG] cheese - null
[2020-06-13T00:44:28.362] [DEBUG] cheese - login => username:admin,password:123456
[2020-06-13T00:44:28.362] [DEBUG] cheese - admin
[2020-06-13T00:44:28.367] [DEBUG] cheese - null
[2020-06-13T00:44:28.367] [DEBUG] cheese - null
[2020-06-13T00:44:49.402] [DEBUG] cheese - login => username:admin,password:123456
[2020-06-13T00:44:49.402] [DEBUG] cheese - admin
[2020-06-13T00:44:49.404] [DEBUG] cheese - null
[2020-06-13T00:44:49.404] [DEBUG] cheese - null
[2020-06-13T00:44:50.942] [DEBUG] cheese - login => username:admin,password:123456
[2020-06-13T00:44:50.942] [DEBUG] cheese - admin
[2020-06-13T00:44:50.954] [DEBUG] cheese - null
[2020-06-13T00:44:50.954] [DEBUG] cheese - null
[2020-06-13T12:16:20.402] [DEBUG] cheese - login => username:admin,password:123456
[2020-06-13T12:16:20.404] [DEBUG] cheese - admin
[2020-06-13T12:16:20.434] [DEBUG] cheese - null
[2020-06-13T12:16:20.435] [DEBUG] cheese - null
[2020-06-13T12:27:16.805] [DEBUG] cheese - login => username:admin,password:123456
[2020-06-13T12:27:16.805] [DEBUG] cheese - admin
[2020-06-13T12:27:16.809] [DEBUG] cheese - null
[2020-06-13T12:27:16.809] [DEBUG] cheese - null
[2020-06-13T15:17:30.672] [DEBUG] cheese - login => username:admin,password:123456
[2020-06-13T15:17:30.672] [DEBUG] cheese - admin
[2020-06-13T15:17:30.675] [DEBUG] cheese - null
[2020-06-13T15:17:30.675] [DEBUG] cheese - null
[2020-06-13T15:17:34.574] [DEBUG] cheese - login => username:admin,password:123456
[2020-06-13T15:17:34.574] [DEBUG] cheese - admin
[2020-06-13T15:17:34.577] [DEBUG] cheese - null
[2020-06-13T15:17:34.577] [DEBUG] cheese - null
[2020-06-13T15:17:38.687] [DEBUG] cheese - login => username:admin,password:123456
[2020-06-13T15:17:38.687] [DEBUG] cheese - admin
[2020-06-13T15:17:38.689] [DEBUG] cheese - null
[2020-06-13T15:17:38.689] [DEBUG] cheese - null
[2020-06-13T15:17:56.758] [DEBUG] cheese - login => username:admin,password:123456
[2020-06-13T15:17:56.758] [DEBUG] cheese - admin
[2020-06-13T15:17:56.760] [DEBUG] cheese - null
[2020-06-13T15:17:56.761] [DEBUG] cheese - null
[2020-06-13T15:19:43.078] [DEBUG] cheese - login => username:admin,password:123456
[2020-06-13T15:19:43.078] [DEBUG] cheese - admin
[2020-06-13T15:19:43.080] [DEBUG] cheese - null
[2020-06-13T15:19:43.080] [DEBUG] cheese - null
[2020-06-13T15:19:45.671] [DEBUG] cheese - login => username:admin,password:123456
[2020-06-13T15:19:45.671] [DEBUG] cheese - admin
[2020-06-13T15:19:45.673] [DEBUG] cheese - null
[2020-06-13T15:19:45.673] [DEBUG] cheese - null
[2020-06-13T15:23:45.807] [DEBUG] cheese - login => username:admin,password:123456
[2020-06-13T15:23:45.807] [DEBUG] cheese - admin
[2020-06-13T15:23:45.810] [DEBUG] cheese - null
[2020-06-13T15:23:45.810] [DEBUG] cheese - null
[2020-06-13T16:05:40.365] [DEBUG] cheese - login => username:admin,password:123456
[2020-06-13T16:05:40.365] [DEBUG] cheese - admin
[2020-06-13T16:05:40.367] [DEBUG] cheese - null
[2020-06-13T16:05:40.367] [DEBUG] cheese - null
[2020-06-13T16:05:47.703] [DEBUG] cheese - login => username:admin,password:123456
[2020-06-13T16:05:47.703] [DEBUG] cheese - admin
[2020-06-13T16:05:47.706] [DEBUG] cheese - null
[2020-06-13T16:05:47.706] [DEBUG] cheese - null
[2020-06-13T16:06:47.157] [DEBUG] cheese - login => username:admin,password:123456
[2020-06-13T16:06:47.157] [DEBUG] cheese - admin
[2020-06-13T16:06:47.159] [DEBUG] cheese - null
[2020-06-13T16:06:47.159] [DEBUG] cheese - null
[2020-06-13T16:07:16.142] [DEBUG] cheese - login => username:admin,password:123456
[2020-06-13T16:07:16.142] [DEBUG] cheese - admin
[2020-06-13T16:07:16.145] [DEBUG] cheese - null
[2020-06-13T16:07:16.145] [DEBUG] cheese - null
[2020-06-13T16:08:14.320] [DEBUG] cheese - login => username:admin,password:123456
[2020-06-13T16:08:14.320] [DEBUG] cheese - admin
[2020-06-13T16:08:14.323] [DEBUG] cheese - null
[2020-06-13T16:08:14.323] [DEBUG] cheese - null
[2020-06-13T16:09:13.091] [DEBUG] cheese - login => username:admin,password:123456
[2020-06-13T16:09:13.091] [DEBUG] cheese - admin
[2020-06-13T16:09:13.093] [DEBUG] cheese - null
[2020-06-13T16:09:13.093] [DEBUG] cheese - null
[2020-06-13T16:10:40.689] [DEBUG] cheese - login => username:admin,password:123456
[2020-06-13T16:10:40.689] [DEBUG] cheese - admin
[2020-06-13T16:10:40.691] [DEBUG] cheese - null
[2020-06-13T16:10:40.691] [DEBUG] cheese - null
[2020-06-13T16:11:40.584] [DEBUG] cheese - login => username:admin,password:123456
[2020-06-13T16:11:40.584] [DEBUG] cheese - admin
[2020-06-13T16:11:40.586] [DEBUG] cheese - null
[2020-06-13T16:11:40.586] [DEBUG] cheese - null
[2020-06-13T16:12:43.587] [DEBUG] cheese - login => username:admin,password:123456
[2020-06-13T16:12:43.587] [DEBUG] cheese - admin
[2020-06-13T16:12:43.588] [DEBUG] cheese - null
[2020-06-13T16:12:43.589] [DEBUG] cheese - null
[2020-06-13T16:12:54.587] [DEBUG] cheese - login => username:admin,password:123456
[2020-06-13T16:12:54.587] [DEBUG] cheese - admin
[2020-06-13T16:12:54.590] [DEBUG] cheese - null
[2020-06-13T16:12:54.590] [DEBUG] cheese - null
[2020-06-13T16:13:58.251] [DEBUG] cheese - login => username:admin,password:123456
[2020-06-13T16:13:58.251] [DEBUG] cheese - admin
[2020-06-13T16:13:58.253] [DEBUG] cheese - null
[2020-06-13T16:13:58.253] [DEBUG] cheese - null
[2020-06-13T16:15:03.504] [DEBUG] cheese - login => username:admin,password:123456
[2020-06-13T16:15:03.504] [DEBUG] cheese - admin
[2020-06-13T16:15:03.507] [DEBUG] cheese - null
[2020-06-13T16:15:03.507] [DEBUG] cheese - null
[2020-06-13T16:15:41.488] [DEBUG] cheese - login => username:admin,password:123456
[2020-06-13T16:15:41.488] [DEBUG] cheese - admin
[2020-06-13T16:15:41.490] [DEBUG] cheese - null
[2020-06-13T16:15:41.490] [DEBUG] cheese - null
[2020-06-13T16:15:59.411] [DEBUG] cheese - login => username:admin,password:123456
[2020-06-13T16:15:59.411] [DEBUG] cheese - admin
[2020-06-13T16:15:59.413] [DEBUG] cheese - null
[2020-06-13T16:15:59.413] [DEBUG] cheese - null
[2020-06-13T16:45:35.038] [DEBUG] cheese - login => username:admin,password:123456
[2020-06-13T16:45:35.039] [DEBUG] cheese - admin
[2020-06-13T16:45:35.042] [DEBUG] cheese - null
[2020-06-13T16:45:35.042] [DEBUG] cheese - null
[2020-06-13T16:45:37.439] [DEBUG] cheese - login => username:admin,password:123456
[2020-06-13T16:45:37.439] [DEBUG] cheese - admin
[2020-06-13T16:45:37.441] [DEBUG] cheese - null
[2020-06-13T16:45:37.441] [DEBUG] cheese - null
[2020-06-13T16:45:38.888] [DEBUG] cheese - login => username:admin,password:123456
[2020-06-13T16:45:38.888] [DEBUG] cheese - admin
[2020-06-13T16:45:38.890] [DEBUG] cheese - null
[2020-06-13T16:45:38.891] [DEBUG] cheese - null
[2020-06-13T16:45:40.296] [DEBUG] cheese - login => username:admin,password:123456
[2020-06-13T16:45:40.296] [DEBUG] cheese - admin
[2020-06-13T16:45:40.298] [DEBUG] cheese - null
[2020-06-13T16:45:40.299] [DEBUG] cheese - null
[2020-06-13T16:55:55.095] [DEBUG] cheese - login => username:admin,password:123456
[2020-06-13T16:55:55.096] [DEBUG] cheese - admin
[2020-06-13T16:55:55.097] [DEBUG] cheese - null
[2020-06-13T16:55:55.097] [DEBUG] cheese - null
[2020-06-13T17:02:46.488] [DEBUG] cheese - login => username:admin,password:123456
[2020-06-13T17:02:46.488] [DEBUG] cheese - admin
[2020-06-13T17:02:46.491] [DEBUG] cheese - null
[2020-06-13T17:02:46.491] [DEBUG] cheese - null
[2020-06-13T17:04:58.971] [DEBUG] cheese - login => username:admin,password:123456
[2020-06-13T17:04:58.971] [DEBUG] cheese - admin
[2020-06-13T17:04:58.974] [DEBUG] cheese - null
[2020-06-13T17:04:58.974] [DEBUG] cheese - null
[2020-06-13T17:29:56.117] [DEBUG] cheese - login => username:admin,password:123456
[2020-06-13T17:29:56.117] [DEBUG] cheese - admin
[2020-06-13T17:29:56.120] [DEBUG] cheese - null
[2020-06-13T17:29:56.120] [DEBUG] cheese - null
[2020-06-13T17:30:04.624] [DEBUG] cheese - login => username:admin,password:123456
[2020-06-13T17:30:04.624] [DEBUG] cheese - admin
[2020-06-13T17:30:04.626] [DEBUG] cheese - null
[2020-06-13T17:30:04.626] [DEBUG] cheese - null
[2020-06-13T17:30:14.509] [DEBUG] cheese - login => username:admin,password:123456
[2020-06-13T17:30:14.509] [DEBUG] cheese - admin
[2020-06-13T17:30:14.512] [DEBUG] cheese - null
[2020-06-13T17:30:14.512] [DEBUG] cheese - null
[2020-06-13T17:41:41.336] [DEBUG] cheese - login => username:admin,password:123456
[2020-06-13T17:41:41.336] [DEBUG] cheese - admin
[2020-06-13T17:41:41.338] [DEBUG] cheese - null
[2020-06-13T17:41:41.339] [DEBUG] cheese - null
[2020-06-13T18:07:52.120] [DEBUG] cheese - login => username:admin,password:123456
[2020-06-13T18:07:52.121] [DEBUG] cheese - admin
[2020-06-13T18:07:52.123] [DEBUG] cheese - null
[2020-06-13T18:07:52.123] [DEBUG] cheese - null
[2020-06-13T18:08:08.924] [DEBUG] cheese - login => username:admin,password:123456
[2020-06-13T18:08:08.924] [DEBUG] cheese - admin
[2020-06-13T18:08:08.926] [DEBUG] cheese - null
[2020-06-13T18:08:08.926] [DEBUG] cheese - null
[2020-06-13T18:13:11.109] [DEBUG] cheese - login => username:admin,password:123456
[2020-06-13T18:13:11.109] [DEBUG] cheese - admin
[2020-06-13T18:13:11.112] [DEBUG] cheese - null
[2020-06-13T18:13:11.112] [DEBUG] cheese - null
[2020-06-13T20:38:49.761] [DEBUG] cheese - login => username:admin,password:123456
[2020-06-13T20:38:49.761] [DEBUG] cheese - admin
[2020-06-13T20:38:49.764] [DEBUG] cheese - null
[2020-06-13T20:38:49.764] [DEBUG] cheese - null
[2020-06-13T20:52:55.425] [DEBUG] cheese - login => username:admin,password:123456
[2020-06-13T20:52:55.425] [DEBUG] cheese - admin
[2020-06-13T20:52:55.427] [DEBUG] cheese - null
[2020-06-13T20:52:55.427] [DEBUG] cheese - null
[2020-06-13T21:18:41.586] [DEBUG] cheese - login => username:admin,password:123456
[2020-06-13T21:18:41.586] [DEBUG] cheese - admin
[2020-06-13T21:18:41.588] [DEBUG] cheese - null
[2020-06-13T21:18:41.588] [DEBUG] cheese - null
[2020-06-14T08:38:22.799] [DEBUG] cheese - login => username:admin,password:123456
[2020-06-14T08:38:22.800] [DEBUG] cheese - admin
[2020-06-14T08:38:22.804] [DEBUG] cheese - null
[2020-06-14T08:38:22.804] [DEBUG] cheese - null
[2020-06-14T08:40:50.265] [DEBUG] cheese - login => username:admin,password:123456
[2020-06-14T08:40:50.266] [DEBUG] cheese - admin
[2020-06-14T08:40:50.267] [DEBUG] cheese - null
[2020-06-14T08:40:50.267] [DEBUG] cheese - null
[2020-06-14T08:43:41.653] [DEBUG] cheese - login => username:asdf1,password:123123
[2020-06-14T08:43:41.655] [DEBUG] cheese - asdf1
[2020-06-14T08:43:41.658] [DEBUG] cheese - null
[2020-06-14T08:43:41.659] [DEBUG] cheese - null
[2020-06-14T08:43:50.632] [DEBUG] cheese - login => username:admin,password:123456
[2020-06-14T08:43:50.633] [DEBUG] cheese - admin
[2020-06-14T08:43:50.635] [DEBUG] cheese - null
[2020-06-14T08:43:50.635] [DEBUG] cheese - null
[2020-06-14T08:44:18.739] [DEBUG] cheese - login => username:asdf1,password:123123
[2020-06-14T08:44:18.739] [DEBUG] cheese - asdf1
[2020-06-14T08:44:18.742] [DEBUG] cheese - null
[2020-06-14T08:44:18.742] [DEBUG] cheese - null
[2020-06-14T08:44:20.134] [DEBUG] cheese - login => username:asdf1,password:123123
[2020-06-14T08:44:20.134] [DEBUG] cheese - asdf1
[2020-06-14T08:44:20.136] [DEBUG] cheese - null
[2020-06-14T08:44:20.136] [DEBUG] cheese - null
[2020-06-14T08:46:23.403] [DEBUG] cheese - login => username:admin,password:123456
[2020-06-14T08:46:23.403] [DEBUG] cheese - admin
[2020-06-14T08:46:23.406] [DEBUG] cheese - null
[2020-06-14T08:46:23.406] [DEBUG] cheese - null
[2020-06-14T08:46:53.436] [DEBUG] cheese - login => username:asdf1,password:123456
[2020-06-14T08:46:53.436] [DEBUG] cheese - asdf1
[2020-06-14T08:46:53.438] [DEBUG] cheese - null
[2020-06-14T08:46:53.439] [DEBUG] cheese - null
[2020-06-14T08:51:18.218] [DEBUG] cheese - login => username:test,password:123456
[2020-06-14T08:51:18.219] [DEBUG] cheese - test
[2020-06-14T08:51:18.221] [DEBUG] cheese - null
[2020-06-14T08:51:18.221] [DEBUG] cheese - null
[2020-06-14T08:51:56.971] [DEBUG] cheese - null
[2020-06-14T08:51:56.974] [DEBUG] cheese - null
[2020-06-14T08:51:57.801] [DEBUG] cheese - null
[2020-06-14T08:51:57.804] [DEBUG] cheese - null
[2020-06-14T08:51:58.649] [DEBUG] cheese - null
[2020-06-14T08:51:58.651] [DEBUG] cheese - null
[2020-06-14T08:51:59.337] [DEBUG] cheese - null
[2020-06-14T08:51:59.340] [DEBUG] cheese - null
[2020-06-14T08:52:00.295] [DEBUG] cheese - null
[2020-06-14T08:52:00.299] [DEBUG] cheese - null
[2020-06-14T08:52:03.386] [DEBUG] cheese - null
[2020-06-14T08:52:03.389] [DEBUG] cheese - null
[2020-06-14T08:52:04.474] [DEBUG] cheese - null
[2020-06-14T08:52:04.476] [DEBUG] cheese - null
[2020-06-14T08:52:11.876] [DEBUG] cheese - null
[2020-06-14T08:52:11.878] [DEBUG] cheese - null
[2020-06-14T08:52:11.908] [DEBUG] cheese - null
[2020-06-14T08:52:11.911] [DEBUG] cheese - null
[2020-06-14T08:52:17.932] [DEBUG] cheese - null
[2020-06-14T08:52:17.935] [DEBUG] cheese - null
[2020-06-14T08:52:23.981] [DEBUG] cheese - null
[2020-06-14T08:52:23.984] [DEBUG] cheese - null
[2020-06-14T08:52:25.131] [DEBUG] cheese - null
[2020-06-14T08:52:25.133] [DEBUG] cheese - null
[2020-06-14T08:52:33.647] [DEBUG] cheese - null
[2020-06-14T08:52:33.650] [DEBUG] cheese - null
[2020-06-14T08:52:38.018] [DEBUG] cheese - null
[2020-06-14T08:52:38.022] [DEBUG] cheese - null
[2020-06-14T08:52:39.055] [DEBUG] cheese - null
[2020-06-14T08:52:39.058] [DEBUG] cheese - null
[2020-06-14T08:53:15.255] [DEBUG] cheese - null
[2020-06-14T08:53:15.258] [DEBUG] cheese - null
[2020-06-14T08:53:20.746] [DEBUG] cheese - login => username:admin,password:123456
[2020-06-14T08:53:20.746] [DEBUG] cheese - admin
[2020-06-14T08:53:20.749] [DEBUG] cheese - null
[2020-06-14T08:53:20.749] [DEBUG] cheese - null
[2020-06-14T09:57:11.199] [DEBUG] cheese - login => username:admin,password:123456
[2020-06-14T09:57:11.200] [DEBUG] cheese - admin
[2020-06-14T09:57:11.202] [DEBUG] cheese - null
[2020-06-14T09:57:11.202] [DEBUG] cheese - null
[2020-06-14T10:01:42.465] [DEBUG] cheese - login => username:admin,password:123456
[2020-06-14T10:01:42.466] [DEBUG] cheese - admin
[2020-06-14T10:01:42.468] [DEBUG] cheese - null
[2020-06-14T10:01:42.468] [DEBUG] cheese - null
[2020-06-14T10:02:36.036] [DEBUG] cheese - login => username:admin,password:123456
[2020-06-14T10:02:36.036] [DEBUG] cheese - admin
[2020-06-14T10:02:36.038] [DEBUG] cheese - null
[2020-06-14T10:02:36.038] [DEBUG] cheese - null
[2020-06-14T10:04:27.715] [DEBUG] cheese - login => username:admin,password:123456
[2020-06-14T10:04:27.715] [DEBUG] cheese - admin
[2020-06-14T10:04:27.718] [DEBUG] cheese - null
[2020-06-14T10:04:27.718] [DEBUG] cheese - null
[2020-06-14T10:06:03.876] [DEBUG] cheese - login => username:admin,password:123456
[2020-06-14T10:06:03.876] [DEBUG] cheese - admin
[2020-06-14T10:06:03.877] [DEBUG] cheese - null
[2020-06-14T10:06:03.877] [DEBUG] cheese - null
[2020-06-14T10:07:33.864] [DEBUG] cheese - login => username:admin,password:123456
[2020-06-14T10:07:33.864] [DEBUG] cheese - admin
[2020-06-14T10:07:33.866] [DEBUG] cheese - null
[2020-06-14T10:07:33.866] [DEBUG] cheese - null
[2020-06-14T10:18:16.607] [DEBUG] cheese - login => username:admin,password:123456
[2020-06-14T10:18:16.607] [DEBUG] cheese - admin
[2020-06-14T10:18:16.609] [DEBUG] cheese - null
[2020-06-14T10:18:16.609] [DEBUG] cheese - null
[2020-06-14T10:18:18.071] [DEBUG] cheese - login => username:admin,password:123456
[2020-06-14T10:18:18.071] [DEBUG] cheese - admin
[2020-06-14T10:18:18.073] [DEBUG] cheese - null
[2020-06-14T10:18:18.073] [DEBUG] cheese - null
[2020-06-14T10:18:19.327] [DEBUG] cheese - login => username:admin,password:123456
[2020-06-14T10:18:19.327] [DEBUG] cheese - admin
[2020-06-14T10:18:19.328] [DEBUG] cheese - null
[2020-06-14T10:18:19.328] [DEBUG] cheese - null
[2020-06-14T10:18:20.327] [DEBUG] cheese - login => username:admin,password:123456
[2020-06-14T10:18:20.327] [DEBUG] cheese - admin
[2020-06-14T10:18:20.328] [DEBUG] cheese - null
[2020-06-14T10:18:20.329] [DEBUG] cheese - null
[2020-06-14T10:18:29.186] [DEBUG] cheese - login => username:admin,password:123456
[2020-06-14T10:18:29.186] [DEBUG] cheese - admin
[2020-06-14T10:18:29.189] [DEBUG] cheese - null
[2020-06-14T10:18:29.189] [DEBUG] cheese - null
[2020-06-14T10:19:24.666] [DEBUG] cheese - login => username:admin,password:123456
[2020-06-14T10:19:24.666] [DEBUG] cheese - admin
[2020-06-14T10:19:24.669] [DEBUG] cheese - null
[2020-06-14T10:19:24.669] [DEBUG] cheese - null
[2020-06-14T10:30:15.368] [DEBUG] cheese - login => username:admin,password:123456
[2020-06-14T10:30:15.368] [DEBUG] cheese - admin
[2020-06-14T10:30:15.371] [DEBUG] cheese - null
[2020-06-14T10:30:15.371] [DEBUG] cheese - null
[2020-06-14T10:51:59.517] [DEBUG] cheese - login => username:admin,password:123456
[2020-06-14T10:51:59.517] [DEBUG] cheese - admin
[2020-06-14T10:51:59.520] [DEBUG] cheese - null
[2020-06-14T10:51:59.522] [DEBUG] cheese - null
[2020-06-14T10:53:35.312] [DEBUG] cheese - login => username:admin,password:123456
[2020-06-14T10:53:35.312] [DEBUG] cheese - admin
[2020-06-14T10:53:35.314] [DEBUG] cheese - null
[2020-06-14T10:53:35.314] [DEBUG] cheese - null
[2020-06-14T10:53:37.384] [DEBUG] cheese - login => username:admin,password:123456
[2020-06-14T10:53:37.384] [DEBUG] cheese - admin
[2020-06-14T10:53:37.388] [DEBUG] cheese - null
[2020-06-14T10:53:37.388] [DEBUG] cheese - null
[2020-06-14T10:55:31.872] [DEBUG] cheese - login => username:admin,password:123456
[2020-06-14T10:55:31.873] [DEBUG] cheese - admin
[2020-06-14T10:55:31.874] [DEBUG] cheese - null
[2020-06-14T10:55:31.874] [DEBUG] cheese - null
[2020-06-14T10:58:52.273] [DEBUG] cheese - login => username:admin,password:123456
[2020-06-14T10:58:52.274] [DEBUG] cheese - admin
[2020-06-14T10:58:52.275] [DEBUG] cheese - null
[2020-06-14T10:58:52.276] [DEBUG] cheese - null
[2020-06-14T11:04:27.983] [DEBUG] cheese - login => username:admin,password:123456
[2020-06-14T11:04:27.983] [DEBUG] cheese - admin
[2020-06-14T11:04:27.985] [DEBUG] cheese - null
[2020-06-14T11:04:27.985] [DEBUG] cheese - null
[2020-06-14T11:14:15.794] [DEBUG] cheese - login => username:admin,password:123456
[2020-06-14T11:14:15.795] [DEBUG] cheese - admin
[2020-06-14T11:14:15.796] [DEBUG] cheese - null
[2020-06-14T11:14:15.796] [DEBUG] cheese - null
[2020-06-14T11:18:29.665] [DEBUG] cheese - login => username:admin,password:123456
[2020-06-14T11:18:29.665] [DEBUG] cheese - admin
[2020-06-14T11:18:29.667] [DEBUG] cheese - null
[2020-06-14T11:18:29.668] [DEBUG] cheese - null
[2020-06-14T11:47:53.233] [DEBUG] cheese - login => username:admin,password:123456
[2020-06-14T11:47:53.233] [DEBUG] cheese - admin
[2020-06-14T11:47:53.235] [DEBUG] cheese - null
[2020-06-14T11:47:53.235] [DEBUG] cheese - null
[2020-06-14T11:48:37.043] [DEBUG] cheese - login => username:admin,password:123456
[2020-06-14T11:48:37.043] [DEBUG] cheese - admin
[2020-06-14T11:48:37.045] [DEBUG] cheese - null
[2020-06-14T11:48:37.045] [DEBUG] cheese - null
[2020-06-14T11:50:09.793] [DEBUG] cheese - login => username:admin,password:123456
[2020-06-14T11:50:09.793] [DEBUG] cheese - admin
[2020-06-14T11:50:09.794] [DEBUG] cheese - null
[2020-06-14T11:50:09.795] [DEBUG] cheese - null
[2020-06-14T11:50:15.067] [DEBUG] cheese - login => username:admin,password:123456
[2020-06-14T11:50:15.067] [DEBUG] cheese - admin
[2020-06-14T11:50:15.069] [DEBUG] cheese - null
[2020-06-14T11:50:15.069] [DEBUG] cheese - null
[2020-06-14T11:50:40.944] [DEBUG] cheese - login => username:admin,password:123456
[2020-06-14T11:50:40.944] [DEBUG] cheese - admin
[2020-06-14T11:50:40.946] [DEBUG] cheese - null
[2020-06-14T11:50:40.946] [DEBUG] cheese - null
[2020-06-14T11:50:47.523] [DEBUG] cheese - login => username:admin,password:123456
[2020-06-14T11:50:47.523] [DEBUG] cheese - admin
[2020-06-14T11:50:47.525] [DEBUG] cheese - null
[2020-06-14T11:50:47.525] [DEBUG] cheese - null
[2020-06-14T11:51:06.981] [DEBUG] cheese - login => username:admin,password:123456
[2020-06-14T11:51:06.981] [DEBUG] cheese - admin
[2020-06-14T11:51:06.983] [DEBUG] cheese - null
[2020-06-14T11:51:06.983] [DEBUG] cheese - null
[2020-06-14T11:53:30.855] [DEBUG] cheese - login => username:admin,password:123456
[2020-06-14T11:53:30.855] [DEBUG] cheese - admin
[2020-06-14T11:53:30.858] [DEBUG] cheese - null
[2020-06-14T11:53:30.858] [DEBUG] cheese - null
[2020-06-14T12:25:56.398] [DEBUG] cheese - login => username:admin,password:123456
[2020-06-14T12:25:56.398] [DEBUG] cheese - admin
[2020-06-14T12:25:56.400] [DEBUG] cheese - null
[2020-06-14T12:25:56.400] [DEBUG] cheese - null
[2020-06-14T12:44:59.548] [DEBUG] cheese - login => username:test,password:123456
[2020-06-14T12:44:59.548] [DEBUG] cheese - test
[2020-06-14T12:44:59.551] [DEBUG] cheese - null
[2020-06-14T12:44:59.551] [DEBUG] cheese - null
[2020-06-14T12:47:55.325] [DEBUG] cheese - login => username:admin,password:123456
[2020-06-14T12:47:55.325] [DEBUG] cheese - admin
[2020-06-14T12:47:55.327] [DEBUG] cheese - null
[2020-06-14T12:47:55.327] [DEBUG] cheese - null
[2020-06-14T18:39:49.404] [DEBUG] cheese - login => username:admin,password:123456
[2020-06-14T18:39:49.404] [DEBUG] cheese - admin
[2020-06-14T18:39:49.406] [DEBUG] cheese - null
[2020-06-14T18:39:49.407] [DEBUG] cheese - null
[2020-06-14T22:28:32.472] [DEBUG] cheese - login => username:admin,password:123456
[2020-06-14T22:28:32.474] [DEBUG] cheese - admin
[2020-06-14T22:28:32.484] [DEBUG] cheese - null
[2020-06-14T22:28:32.485] [DEBUG] cheese - null
[2020-06-14T22:44:41.828] [DEBUG] cheese - login => username:admin,password:123456
[2020-06-14T22:44:41.830] [DEBUG] cheese - admin
[2020-06-14T22:44:41.834] [DEBUG] cheese - null
[2020-06-14T22:44:41.835] [DEBUG] cheese - null
[2020-06-15T01:35:37.207] [DEBUG] cheese - login => username:admin,password:123456
[2020-06-15T01:35:37.208] [DEBUG] cheese - admin
[2020-06-15T01:35:37.211] [DEBUG] cheese - null
[2020-06-15T01:35:37.212] [DEBUG] cheese - null
[2020-06-15T02:04:42.019] [DEBUG] cheese - login => username:admin,password:123456
[2020-06-15T02:04:42.021] [DEBUG] cheese - admin
[2020-06-15T02:04:42.028] [DEBUG] cheese - null
[2020-06-15T02:04:42.029] [DEBUG] cheese - null
[2020-06-15T21:01:42.623] [DEBUG] cheese - login => username:admin,password:123456
[2020-06-15T21:01:42.625] [DEBUG] cheese - admin
[2020-06-15T21:01:42.652] [DEBUG] cheese - null
[2020-06-15T21:01:42.653] [DEBUG] cheese - null
[2020-06-15T21:35:20.809] [DEBUG] cheese - login => username:admin,password:123456
[2020-06-15T21:35:20.809] [DEBUG] cheese - admin
[2020-06-15T21:35:20.813] [DEBUG] cheese - null
[2020-06-15T21:35:20.813] [DEBUG] cheese - null
[2020-06-15T22:47:09.468] [DEBUG] cheese - login => username:admin,password:123456
[2020-06-15T22:47:09.468] [DEBUG] cheese - admin
[2020-06-15T22:47:09.475] [DEBUG] cheese - null
[2020-06-15T22:47:09.475] [DEBUG] cheese - null
[2020-06-15T23:52:45.071] [DEBUG] cheese - login => username:admin,password:123456
[2020-06-15T23:52:45.073] [DEBUG] cheese - admin
[2020-06-15T23:52:45.077] [DEBUG] cheese - null
[2020-06-15T23:52:45.077] [DEBUG] cheese - null
[2020-06-16T08:03:06.109] [DEBUG] cheese - login => username:admin,password:123456
[2020-06-16T08:03:06.111] [DEBUG] cheese - admin
[2020-06-16T08:03:06.121] [DEBUG] cheese - null
[2020-06-16T08:03:06.121] [DEBUG] cheese - null
[2020-06-16T08:22:03.762] [DEBUG] cheese - login => username:admin,password:123456
[2020-06-16T08:22:03.763] [DEBUG] cheese - admin
[2020-06-16T08:22:03.799] [DEBUG] cheese - null
[2020-06-16T08:22:03.800] [DEBUG] cheese - null
[2020-06-16T12:07:55.014] [DEBUG] cheese - login => username:admin,password:123456
[2020-06-16T12:07:55.016] [DEBUG] cheese - admin
[2020-06-16T12:07:55.020] [DEBUG] cheese - null
[2020-06-16T12:07:55.021] [DEBUG] cheese - null
[2020-06-16T18:35:27.324] [DEBUG] cheese - login => username:admin,password:123456
[2020-06-16T18:35:27.325] [DEBUG] cheese - admin
[2020-06-16T18:35:27.332] [DEBUG] cheese - null
[2020-06-16T18:35:27.333] [DEBUG] cheese - null
[2020-06-16T20:41:47.748] [DEBUG] cheese - login => username:admin,password:123456
[2020-06-16T20:41:47.748] [DEBUG] cheese - admin
[2020-06-16T20:41:47.751] [DEBUG] cheese - null
[2020-06-16T20:41:47.751] [DEBUG] cheese - null
[2020-06-16T21:35:26.950] [DEBUG] cheese - login => username:admin,password:123456
[2020-06-16T21:35:26.951] [DEBUG] cheese - admin
[2020-06-16T21:35:26.954] [DEBUG] cheese - null
[2020-06-16T21:35:26.954] [DEBUG] cheese - null
[2020-06-16T23:12:35.073] [DEBUG] cheese - login => username:admin,password:123456
[2020-06-16T23:12:35.075] [DEBUG] cheese - admin
[2020-06-16T23:12:35.080] [DEBUG] cheese - null
[2020-06-16T23:12:35.080] [DEBUG] cheese - null
[2020-06-16T23:13:25.439] [DEBUG] cheese - login => username:admin,password:123456
[2020-06-16T23:13:25.439] [DEBUG] cheese - admin
[2020-06-16T23:13:25.443] [DEBUG] cheese - null
[2020-06-16T23:13:25.443] [DEBUG] cheese - null
[2020-06-17T08:18:46.345] [DEBUG] cheese - login => username:admin,password:123456
[2020-06-17T08:18:46.346] [DEBUG] cheese - admin
[2020-06-17T08:18:46.374] [DEBUG] cheese - null
[2020-06-17T08:18:46.374] [DEBUG] cheese - null
[2020-06-17T08:20:23.414] [DEBUG] cheese - login => username:admin,password:123456
[2020-06-17T08:20:23.414] [DEBUG] cheese - admin
[2020-06-17T08:20:23.417] [DEBUG] cheese - null
[2020-06-17T08:20:23.417] [DEBUG] cheese - null
[2020-06-17T09:01:18.184] [DEBUG] cheese - login => username:admin,password:123456
[2020-06-17T09:01:18.185] [DEBUG] cheese - admin
[2020-06-17T09:01:18.189] [DEBUG] cheese - null
[2020-06-17T09:01:18.190] [DEBUG] cheese - null
[2020-06-17T13:45:52.731] [DEBUG] cheese - login => username:admin,password:123456
[2020-06-17T13:45:52.732] [DEBUG] cheese - admin
[2020-06-17T13:45:52.738] [DEBUG] cheese - null
[2020-06-17T13:45:52.739] [DEBUG] cheese - null
[2020-06-17T13:53:49.954] [DEBUG] cheese - login => username:admin,password:123456
[2020-06-17T13:53:49.955] [DEBUG] cheese - admin
[2020-06-17T13:53:49.959] [DEBUG] cheese - null
[2020-06-17T13:53:49.959] [DEBUG] cheese - null
[2020-06-17T13:56:05.154] [DEBUG] cheese - login => username:admin,password:123456
[2020-06-17T13:56:05.154] [DEBUG] cheese - admin
[2020-06-17T13:56:05.156] [DEBUG] cheese - null
[2020-06-17T13:56:05.156] [DEBUG] cheese - null
[2020-06-17T14:15:54.393] [DEBUG] cheese - login => username:admin,password:123456
[2020-06-17T14:15:54.395] [DEBUG] cheese - admin
[2020-06-17T14:15:54.399] [DEBUG] cheese - null
[2020-06-17T14:15:54.400] [DEBUG] cheese - null
[2020-06-17T17:16:41.496] [DEBUG] cheese - login => username:demo,password:123456
[2020-06-17T17:16:41.498] [DEBUG] cheese - demo
[2020-06-17T17:16:41.500] [DEBUG] cheese - null
[2020-06-17T17:16:41.501] [DEBUG] cheese - null
[2020-06-17T17:16:47.086] [DEBUG] cheese - login => username:demo,password:123456
[2020-06-17T17:16:47.086] [DEBUG] cheese - demo
[2020-06-17T17:16:47.087] [DEBUG] cheese - null
[2020-06-17T17:16:47.087] [DEBUG] cheese - null
[2020-06-17T17:16:51.949] [DEBUG] cheese - login => username:admin,password:123456
[2020-06-17T17:16:51.950] [DEBUG] cheese - admin
[2020-06-17T17:16:51.951] [DEBUG] cheese - null
[2020-06-17T17:16:51.952] [DEBUG] cheese - null
[2020-06-17T17:17:03.918] [DEBUG] cheese - login => username:demo,password:123456
[2020-06-17T17:17:03.918] [DEBUG] cheese - demo
[2020-06-17T17:17:03.920] [DEBUG] cheese - null
[2020-06-17T17:17:03.920] [DEBUG] cheese - null
[2020-06-17T17:17:09.630] [DEBUG] cheese - login => username:demo,password:123456
[2020-06-17T17:17:09.630] [DEBUG] cheese - demo
[2020-06-17T17:17:09.631] [DEBUG] cheese - null
[2020-06-17T17:17:09.631] [DEBUG] cheese - null
[2020-06-17T17:17:16.326] [DEBUG] cheese - login => username:test,password:123456
[2020-06-17T17:17:16.326] [DEBUG] cheese - test
[2020-06-17T17:17:16.328] [DEBUG] cheese - null
[2020-06-17T17:17:16.328] [DEBUG] cheese - null
[2020-06-17T17:17:21.292] [DEBUG] cheese - login => username:test,password:123456
[2020-06-17T17:17:21.292] [DEBUG] cheese - test
[2020-06-17T17:17:21.293] [DEBUG] cheese - null
[2020-06-17T17:17:21.293] [DEBUG] cheese - null
[2020-06-17T17:17:32.367] [DEBUG] cheese - login => username:test,password:123456
[2020-06-17T17:17:32.367] [DEBUG] cheese - test
[2020-06-17T17:17:32.368] [DEBUG] cheese - null
[2020-06-17T17:17:32.369] [DEBUG] cheese - null
[2020-06-17T17:17:36.756] [DEBUG] cheese - login => username:admin,password:123456
[2020-06-17T17:17:36.756] [DEBUG] cheese - admin
[2020-06-17T17:17:36.758] [DEBUG] cheese - null
[2020-06-17T17:17:36.758] [DEBUG] cheese - null
[2020-06-17T17:18:01.040] [DEBUG] cheese - login => username:test,password:123456
[2020-06-17T17:18:01.040] [DEBUG] cheese - test
[2020-06-17T17:18:01.042] [DEBUG] cheese - null
[2020-06-17T17:18:01.042] [DEBUG] cheese - null
[2020-06-17T17:18:05.854] [DEBUG] cheese - null
[2020-06-17T17:18:05.857] [DEBUG] cheese - null
[2020-06-17T17:18:06.522] [DEBUG] cheese - null
[2020-06-17T17:18:06.524] [DEBUG] cheese - null
[2020-06-17T17:18:07.034] [DEBUG] cheese - null
[2020-06-17T17:18:07.037] [DEBUG] cheese - null
[2020-06-17T17:18:09.709] [DEBUG] cheese - null
[2020-06-17T17:18:09.711] [DEBUG] cheese - null
[2020-06-17T17:18:10.242] [DEBUG] cheese - null
[2020-06-17T17:18:10.244] [DEBUG] cheese - null
[2020-06-17T17:18:13.351] [DEBUG] cheese - null
[2020-06-17T17:18:13.353] [DEBUG] cheese - null
[2020-06-17T17:18:15.928] [DEBUG] cheese - null
[2020-06-17T17:18:15.931] [DEBUG] cheese - null
[2020-06-17T17:18:16.500] [DEBUG] cheese - null
[2020-06-17T17:18:16.503] [DEBUG] cheese - null
[2020-06-17T17:18:18.610] [DEBUG] cheese - null
[2020-06-17T17:18:18.612] [DEBUG] cheese - null
[2020-06-17T17:18:19.448] [DEBUG] cheese - null
[2020-06-17T17:18:19.450] [DEBUG] cheese - null
[2020-06-17T17:18:20.467] [DEBUG] cheese - null
[2020-06-17T17:18:20.469] [DEBUG] cheese - null
[2020-06-17T17:18:21.421] [DEBUG] cheese - null
[2020-06-17T17:18:21.424] [DEBUG] cheese - null
[2020-06-17T17:19:26.308] [DEBUG] cheese - login => username:admin,password:123456
[2020-06-17T17:19:26.309] [DEBUG] cheese - admin
[2020-06-17T17:19:26.315] [DEBUG] cheese - null
[2020-06-17T17:19:26.315] [DEBUG] cheese - null
[2020-06-17T17:19:54.550] [DEBUG] cheese - login => username:admin,password:123456
[2020-06-17T17:19:54.550] [DEBUG] cheese - admin
[2020-06-17T17:19:54.552] [DEBUG] cheese - null
[2020-06-17T17:19:54.552] [DEBUG] cheese - null
[2020-06-17T17:20:06.479] [DEBUG] cheese - login => username:test,password:123456
[2020-06-17T17:20:06.479] [DEBUG] cheese - test
[2020-06-17T17:20:06.482] [DEBUG] cheese - null
[2020-06-17T17:20:06.482] [DEBUG] cheese - null
[2020-06-17T17:20:10.977] [DEBUG] cheese - null
[2020-06-17T17:20:14.323] [DEBUG] cheese - null
[2020-06-17T17:20:15.030] [DEBUG] cheese - null
[2020-06-17T17:20:15.878] [DEBUG] cheese - null
[2020-06-17T17:20:19.199] [DEBUG] cheese - null
[2020-06-17T17:20:22.557] [DEBUG] cheese - null
[2020-06-17T17:20:23.254] [DEBUG] cheese - null
[2020-06-17T17:20:23.864] [DEBUG] cheese - null
[2020-06-17T17:20:24.417] [DEBUG] cheese - null
[2020-06-17T17:20:24.904] [DEBUG] cheese - null
[2020-06-17T17:20:30.600] [DEBUG] cheese - login => username:admin,password:123456
[2020-06-17T17:20:30.600] [DEBUG] cheese - admin
[2020-06-17T17:20:30.603] [DEBUG] cheese - null
[2020-06-17T17:20:30.603] [DEBUG] cheese - null
[2020-06-17T17:21:38.615] [DEBUG] cheese - login => username:test,password:123456
[2020-06-17T17:21:38.615] [DEBUG] cheese - test
[2020-06-17T17:21:38.617] [DEBUG] cheese - null
[2020-06-17T17:21:38.617] [DEBUG] cheese - null
[2020-06-17T17:21:40.655] [DEBUG] cheese - null
[2020-06-17T17:21:45.612] [DEBUG] cheese - null
[2020-06-17T17:21:49.167] [DEBUG] cheese - null
[2020-06-17T17:21:50.144] [DEBUG] cheese - null
[2020-06-17T17:21:54.759] [DEBUG] cheese - login => username:admin,password:123456
[2020-06-17T17:21:54.760] [DEBUG] cheese - admin
[2020-06-17T17:21:54.762] [DEBUG] cheese - null
[2020-06-17T17:21:54.762] [DEBUG] cheese - null
[2020-06-17T17:23:05.231] [DEBUG] cheese - login => username:test,password:123456
[2020-06-17T17:23:05.231] [DEBUG] cheese - test
[2020-06-17T17:23:05.233] [DEBUG] cheese - null
[2020-06-17T17:23:05.234] [DEBUG] cheese - null
[2020-06-17T17:23:08.611] [DEBUG] cheese - null
[2020-06-17T17:23:12.719] [DEBUG] cheese - null
[2020-06-17T17:23:12.721] [DEBUG] cheese - null
[2020-06-17T17:23:14.985] [DEBUG] cheese - null
[2020-06-17T17:23:14.987] [DEBUG] cheese - null
[2020-06-17T17:23:15.867] [DEBUG] cheese - null
[2020-06-17T17:23:15.869] [DEBUG] cheese - null
[2020-06-17T17:23:16.870] [DEBUG] cheese - null
[2020-06-17T17:23:16.873] [DEBUG] cheese - null
[2020-06-17T17:23:17.357] [DEBUG] cheese - null
[2020-06-17T17:23:17.362] [DEBUG] cheese - null
[2020-06-17T17:23:19.413] [DEBUG] cheese - null
[2020-06-17T17:23:24.799] [DEBUG] cheese - login => username:admin,password:123456
[2020-06-17T17:23:24.799] [DEBUG] cheese - admin
[2020-06-17T17:23:24.801] [DEBUG] cheese - null
[2020-06-17T17:23:24.801] [DEBUG] cheese - null
[2020-06-17T17:42:29.933] [DEBUG] cheese - login => username:test,password:123456
[2020-06-17T17:42:29.935] [DEBUG] cheese - test
[2020-06-17T17:42:29.938] [DEBUG] cheese - null
[2020-06-17T17:42:29.939] [DEBUG] cheese - null
[2020-06-17T17:42:32.548] [DEBUG] cheese - null
[2020-06-17T17:42:34.054] [DEBUG] cheese - null
[2020-06-17T17:42:35.994] [DEBUG] cheese - null
[2020-06-17T17:42:37.237] [DEBUG] cheese - null
[2020-06-17T17:42:39.224] [DEBUG] cheese - null
[2020-06-17T17:42:39.233] [DEBUG] cheese - null
[2020-06-17T17:42:41.081] [DEBUG] cheese - null
[2020-06-17T17:42:41.087] [DEBUG] cheese - null
[2020-06-17T17:42:41.752] [DEBUG] cheese - null
[2020-06-17T17:42:41.758] [DEBUG] cheese - null
[2020-06-17T17:42:43.298] [DEBUG] cheese - null
[2020-06-17T17:42:43.306] [DEBUG] cheese - null
[2020-06-17T17:42:46.642] [DEBUG] cheese - null
[2020-06-17T17:43:48.101] [DEBUG] cheese - login => username:admin,password:123456
[2020-06-17T17:43:48.101] [DEBUG] cheese - admin
[2020-06-17T17:43:48.102] [DEBUG] cheese - null
[2020-06-17T17:43:48.102] [DEBUG] cheese - null
[2020-06-17T18:23:50.137] [DEBUG] cheese - login => username:admin,password:123456
[2020-06-17T18:23:50.138] [DEBUG] cheese - admin
[2020-06-17T18:23:50.142] [DEBUG] cheese - null
[2020-06-17T18:23:50.142] [DEBUG] cheese - null
[2020-06-17T18:25:42.734] [DEBUG] cheese - login => username:admin,password:123456
[2020-06-17T18:25:42.734] [DEBUG] cheese - admin
[2020-06-17T18:25:42.736] [DEBUG] cheese - null
[2020-06-17T18:25:42.736] [DEBUG] cheese - null
[2020-06-17T18:43:37.452] [DEBUG] cheese - login => username:admin,password:123456
[2020-06-17T18:43:37.452] [DEBUG] cheese - admin
[2020-06-17T18:43:37.455] [DEBUG] cheese - null
[2020-06-17T18:43:37.455] [DEBUG] cheese - null
[2020-06-17T21:32:40.684] [DEBUG] cheese - login => username:admin,password:123456
[2020-06-17T21:32:40.686] [DEBUG] cheese - admin
[2020-06-17T21:32:40.690] [DEBUG] cheese - null
[2020-06-17T21:32:40.690] [DEBUG] cheese - null
[2020-06-17T23:42:45.810] [DEBUG] cheese - login => username:admin,password:123456
[2020-06-17T23:42:45.812] [DEBUG] cheese - admin
[2020-06-17T23:42:45.815] [DEBUG] cheese - null
[2020-06-17T23:42:45.816] [DEBUG] cheese - null
[2020-06-17T23:57:28.221] [DEBUG] cheese - login => username:admin,password:123456
[2020-06-17T23:57:28.223] [DEBUG] cheese - admin
[2020-06-17T23:57:28.249] [DEBUG] cheese - null
[2020-06-17T23:57:28.250] [DEBUG] cheese - null
[2020-06-18T12:44:45.228] [DEBUG] cheese - login => username:admin,password:123456
[2020-06-18T12:44:45.230] [DEBUG] cheese - admin
[2020-06-18T12:44:45.242] [DEBUG] cheese - null
[2020-06-18T12:44:45.243] [DEBUG] cheese - null
[2020-06-18T13:32:43.290] [DEBUG] cheese - login => username:admin,password:123456
[2020-06-18T13:32:43.291] [DEBUG] cheese - admin
[2020-06-18T13:32:43.295] [DEBUG] cheese - null
[2020-06-18T13:32:43.295] [DEBUG] cheese - null
[2020-06-18T13:36:02.459] [DEBUG] cheese - login => username:admin,password:123456
[2020-06-18T13:36:02.459] [DEBUG] cheese - admin
[2020-06-18T13:36:02.461] [DEBUG] cheese - null
[2020-06-18T13:36:02.461] [DEBUG] cheese - null
[2020-06-18T14:20:49.647] [DEBUG] cheese - login => username:admin,password:123456
[2020-06-18T14:20:49.648] [DEBUG] cheese - admin
[2020-06-18T14:20:49.678] [DEBUG] cheese - null
[2020-06-18T14:20:49.678] [DEBUG] cheese - null
[2020-06-18T14:47:36.066] [DEBUG] cheese - login => username:admin,password:123456
[2020-06-18T14:47:36.068] [DEBUG] cheese - admin
[2020-06-18T14:47:36.075] [DEBUG] cheese - null
[2020-06-18T14:47:36.076] [DEBUG] cheese - null
[2020-06-18T14:53:18.931] [DEBUG] cheese - login => username:admin,password:123456
[2020-06-18T14:53:18.931] [DEBUG] cheese - admin
[2020-06-18T14:53:18.933] [DEBUG] cheese - null
[2020-06-18T14:53:18.933] [DEBUG] cheese - null
[2020-06-18T15:05:07.272] [DEBUG] cheese - login => username:admin,password:123456
[2020-06-18T15:05:07.272] [DEBUG] cheese - admin
[2020-06-18T15:05:07.275] [DEBUG] cheese - null
[2020-06-18T15:05:07.276] [DEBUG] cheese - null
[2020-06-18T15:16:52.394] [DEBUG] cheese - login => username:admin,password:123456
[2020-06-18T15:16:52.394] [DEBUG] cheese - admin
[2020-06-18T15:16:52.397] [DEBUG] cheese - null
[2020-06-18T15:16:52.397] [DEBUG] cheese - null
[2020-06-18T15:41:27.259] [DEBUG] cheese - login => username:admin,password:123456
[2020-06-18T15:41:27.259] [DEBUG] cheese - admin
[2020-06-18T15:41:27.261] [DEBUG] cheese - null
[2020-06-18T15:41:27.261] [DEBUG] cheese - null
[2020-06-18T16:01:14.881] [DEBUG] cheese - login => username:admin,password:123456
[2020-06-18T16:01:14.883] [DEBUG] cheese - admin
[2020-06-18T16:01:14.903] [DEBUG] cheese - null
[2020-06-18T16:01:14.904] [DEBUG] cheese - null
[2020-06-18T16:54:13.169] [DEBUG] cheese - login => username:admin,password:123456
[2020-06-18T16:54:13.170] [DEBUG] cheese - admin
[2020-06-18T16:54:13.173] [DEBUG] cheese - null
[2020-06-18T16:54:13.173] [DEBUG] cheese - null
[2020-06-18T16:56:50.833] [DEBUG] cheese - login => username:lgw,password:123456
[2020-06-18T16:56:50.833] [DEBUG] cheese - lgw
[2020-06-18T16:56:50.837] [DEBUG] cheese - null
[2020-06-18T16:56:50.837] [DEBUG] cheese - null
[2020-06-18T16:56:57.504] [DEBUG] cheese - login => username:lgw,password:123456
[2020-06-18T16:56:57.504] [DEBUG] cheese - lgw
[2020-06-18T16:56:57.506] [DEBUG] cheese - null
[2020-06-18T16:56:57.506] [DEBUG] cheese - null
[2020-06-18T16:57:13.170] [DEBUG] cheese - login => username:lgw,password:123456
[2020-06-18T16:57:13.170] [DEBUG] cheese - lgw
[2020-06-18T16:57:13.173] [DEBUG] cheese - null
[2020-06-18T16:57:13.173] [DEBUG] cheese - null
[2020-06-18T16:57:16.031] [DEBUG] cheese - login => username:admin,password:123456
[2020-06-18T16:57:16.031] [DEBUG] cheese - admin
[2020-06-18T16:57:16.033] [DEBUG] cheese - null
[2020-06-18T16:57:16.034] [DEBUG] cheese - null
[2020-06-18T16:57:49.931] [DEBUG] cheese - login => username:lgw,password:123456
[2020-06-18T16:57:49.931] [DEBUG] cheese - lgw
[2020-06-18T16:57:49.934] [DEBUG] cheese - null
[2020-06-18T16:57:49.934] [DEBUG] cheese - null
[2020-06-18T16:57:50.071] [DEBUG] cheese - null
[2020-06-18T16:57:56.464] [DEBUG] cheese - null
[2020-06-18T16:57:59.928] [DEBUG] cheese - null
[2020-06-18T16:58:01.226] [DEBUG] cheese - null
[2020-06-18T16:58:02.808] [DEBUG] cheese - null
[2020-06-18T16:58:02.810] [DEBUG] cheese - null
[2020-06-18T16:58:03.708] [DEBUG] cheese - null
[2020-06-18T16:58:03.710] [DEBUG] cheese - null
[2020-06-18T16:58:05.872] [DEBUG] cheese - null
[2020-06-18T16:58:05.877] [DEBUG] cheese - null
[2020-06-18T16:58:10.437] [DEBUG] cheese - null
[2020-06-18T16:58:10.439] [DEBUG] cheese - null
[2020-06-18T16:58:11.034] [DEBUG] cheese - null
[2020-06-18T16:58:11.036] [DEBUG] cheese - null
[2020-06-18T16:58:12.424] [DEBUG] cheese - null
[2020-06-18T16:58:13.077] [DEBUG] cheese - null
[2020-06-18T16:58:13.752] [DEBUG] cheese - null
[2020-06-18T16:58:15.714] [DEBUG] cheese - null
[2020-06-18T16:58:15.718] [DEBUG] cheese - null
[2020-06-18T16:58:16.144] [DEBUG] cheese - null
[2020-06-18T16:58:16.146] [DEBUG] cheese - null
[2020-06-18T16:58:16.687] [DEBUG] cheese - null
[2020-06-18T16:58:16.690] [DEBUG] cheese - null
[2020-06-18T16:58:17.991] [DEBUG] cheese - null
[2020-06-18T16:58:17.993] [DEBUG] cheese - null
[2020-06-18T16:58:38.092] [DEBUG] cheese - null
[2020-06-18T16:58:38.095] [DEBUG] cheese - null
[2020-06-18T16:58:38.658] [DEBUG] cheese - null
[2020-06-18T16:58:38.661] [DEBUG] cheese - null
[2020-06-18T16:58:41.021] [DEBUG] cheese - null
[2020-06-18T16:58:41.023] [DEBUG] cheese - null
[2020-06-18T16:58:56.922] [DEBUG] cheese - login => username:admin,password:123456
[2020-06-18T16:58:56.922] [DEBUG] cheese - admin
[2020-06-18T16:58:56.925] [DEBUG] cheese - null
[2020-06-18T16:58:56.925] [DEBUG] cheese - null
[2020-06-18T16:59:54.128] [DEBUG] cheese - login => username:lgw,password:123456
[2020-06-18T16:59:54.129] [DEBUG] cheese - lgw
[2020-06-18T16:59:54.130] [DEBUG] cheese - null
[2020-06-18T16:59:54.130] [DEBUG] cheese - null
[2020-06-18T16:59:54.254] [DEBUG] cheese - null
[2020-06-18T16:59:57.074] [DEBUG] cheese - null
[2020-06-18T16:59:57.750] [DEBUG] cheese - null
[2020-06-18T16:59:58.570] [DEBUG] cheese - null
[2020-06-18T16:59:59.224] [DEBUG] cheese - null
[2020-06-18T17:00:01.602] [DEBUG] cheese - null
[2020-06-18T17:00:09.395] [DEBUG] cheese - null
[2020-06-18T17:00:24.845] [DEBUG] cheese - null
[2020-06-18T17:00:26.147] [DEBUG] cheese - null
[2020-06-18T17:00:28.825] [DEBUG] cheese - null
[2020-06-18T17:00:42.158] [DEBUG] cheese - null
[2020-06-18T17:00:43.809] [DEBUG] cheese - null
[2020-06-18T17:00:44.910] [DEBUG] cheese - null
[2020-06-18T17:00:46.645] [DEBUG] cheese - null
[2020-06-18T17:00:49.123] [DEBUG] cheese - null
[2020-06-18T17:00:49.757] [DEBUG] cheese - null
[2020-06-18T17:00:50.163] [DEBUG] cheese - null
[2020-06-18T17:00:50.741] [DEBUG] cheese - null
[2020-06-18T17:00:56.685] [DEBUG] cheese - null
[2020-06-18T17:00:57.632] [DEBUG] cheese - null
[2020-06-18T17:01:54.270] [DEBUG] cheese - null
[2020-06-18T17:16:22.033] [DEBUG] cheese - login => username:admin,password:123456
[2020-06-18T17:16:22.033] [DEBUG] cheese - admin
[2020-06-18T17:16:22.036] [DEBUG] cheese - null
[2020-06-18T17:16:22.036] [DEBUG] cheese - null
[2020-06-26T09:33:42.915] [DEBUG] cheese - login => username:admin,password:123456
[2020-06-26T09:33:42.917] [DEBUG] cheese - admin
[2020-06-26T09:33:42.956] [DEBUG] cheese - null
[2020-06-26T09:33:42.956] [DEBUG] cheese - null
[2020-06-26T11:12:40.299] [DEBUG] cheese - login => username:admin,password:123456
[2020-06-26T11:12:40.300] [DEBUG] cheese - admin
[2020-06-26T11:12:40.310] [DEBUG] cheese - null
[2020-06-26T11:12:40.311] [DEBUG] cheese - null
[2020-06-26T13:08:51.017] [DEBUG] cheese - login => username:admin,password:123456
[2020-06-26T13:08:51.019] [DEBUG] cheese - admin
[2020-06-26T13:08:51.029] [DEBUG] cheese - null
[2020-06-26T13:08:51.030] [DEBUG] cheese - null
[2020-06-26T14:04:50.701] [DEBUG] cheese - login => username:admin,password:123456
[2020-06-26T14:04:50.702] [DEBUG] cheese - admin
[2020-06-26T14:04:50.705] [DEBUG] cheese - null
[2020-06-26T14:04:50.706] [DEBUG] cheese - null
[2020-06-26T18:22:53.885] [DEBUG] cheese - login => username:admin,password:123456
[2020-06-26T18:22:53.887] [DEBUG] cheese - admin
[2020-06-26T18:22:53.891] [DEBUG] cheese - null
[2020-06-26T18:22:53.892] [DEBUG] cheese - null
